
2020-06-30 00:14:07,075 Using parameter request.POST to get username with key settings.AXES_USERNAME_FORM_FIELD
2020-06-30 00:14:07,076 AXES: Getting access attempts that are newer than 2020-06-29 23:14:07.074592
2020-06-30 00:14:07,082 login: Se hace petición por el método: POST
2020-06-30 00:14:07,084 Using parameter credentials to get username with key settings.AXES_USERNAME_FORM_FIELD
2020-06-30 00:14:07,085 AXES: Getting access attempts that are newer than 2020-06-29 23:14:07.074592
2020-06-30 00:14:07,510 login: Se termina de autenticar el usuario
2020-06-30 00:14:07,510 login: Se genera el token
2020-06-30 00:14:07,514 Starting new HTTPS connection (1): api.telegram.org
2020-06-30 00:14:08,210 https://api.telegram.org:443 "GET /bot1223842209:AAFeSFdD7as7v8ziRJwmKpH95W0rr48o81w/sendMessage?chat_id=-1001441327218&parse_mode=Markdown&text=oayymnortlrl HTTP/1.1" 200 262
2020-06-30 00:14:08,214 login: Se envia el token: oayymnortlrl
2020-06-30 00:14:08,257 login: Se guarda el token en el usuario
2020-06-30 00:14:08,318 solicitar_token: Se hace petición por el método: GET
2020-06-30 00:14:22,905 Using parameter request.POST to get username with key settings.AXES_USERNAME_FORM_FIELD
2020-06-30 00:14:22,906 AXES: Getting access attempts that are newer than 2020-06-29 23:14:22.905511
2020-06-30 00:14:22,914 login: Se hace petición por el método: GET
2020-06-30 00:15:34,505 /home/jbarradas/PROGRAMAS/GIT3/adminServer/appWeb/views.py changed, reloading.
2020-06-30 00:16:00,391 /home/jbarradas/PROGRAMAS/GIT3/adminServer/appWeb/views.py changed, reloading.
2020-06-30 00:16:05,538 Using parameter request.POST to get username with key settings.AXES_USERNAME_FORM_FIELD
2020-06-30 00:16:05,541 AXES: Getting access attempts that are newer than 2020-06-29 23:16:05.514643
2020-06-30 00:16:05,551 login: Se hace petición por el método: POST
2020-06-30 00:16:05,561 Using parameter credentials to get username with key settings.AXES_USERNAME_FORM_FIELD
2020-06-30 00:16:05,561 AXES: Getting access attempts that are newer than 2020-06-29 23:16:05.514643
2020-06-30 00:16:06,051 login: Se termina de autenticar el usuario
2020-06-30 00:16:06,051 login: Se genera el token
2020-06-30 00:16:06,091 Starting new HTTPS connection (1): api.telegram.org
2020-06-30 00:16:06,837 https://api.telegram.org:443 "GET /bot1223842209:AAFeSFdD7as7v8ziRJwmKpH95W0rr48o81w/sendMessage?chat_id=-1001441327218&parse_mode=Markdown&text=msemtcnpqbuj HTTP/1.1" 200 262
2020-06-30 00:16:06,841 login: Se envia el token: msemtcnpqbuj
2020-06-30 00:16:06,888 login: Se guarda el token en el usuario
2020-06-30 00:16:06,960 solicitar_token: Se hace petición por el método: GET
2020-06-30 00:16:19,087 solicitar_token: Se hace petición por el método: POST
2020-06-30 00:16:19,137 solicitar_token: Se limpia el token al usuario: tony
2020-06-30 00:16:19,294 servidores: Se intento una petición por el método: GET
2020-06-30 00:16:19,315 servidores: Ocurrio un error al cargar datos. Usr: tony
2020-06-30 00:16:19,818 Internal Server Error: /servidores/
Traceback (most recent call last):
  File "/home/jbarradas/.local/lib/python3.6/site-packages/django/template/base.py", line 469, in parse
    compile_func = self.tags[command]
KeyError: 'endblock'

During handling of the above exception, another exception occurred:

Traceback (most recent call last):
  File "/home/jbarradas/PROGRAMAS/GIT3/adminServer/appWeb/views.py", line 92, in servidores
    return render(request, "servidores.html",contexto)
  File "/home/jbarradas/.local/lib/python3.6/site-packages/django/shortcuts.py", line 19, in render
    content = loader.render_to_string(template_name, context, request, using=using)
  File "/home/jbarradas/.local/lib/python3.6/site-packages/django/template/loader.py", line 61, in render_to_string
    template = get_template(template_name, using=using)
  File "/home/jbarradas/.local/lib/python3.6/site-packages/django/template/loader.py", line 15, in get_template
    return engine.get_template(template_name)
  File "/home/jbarradas/.local/lib/python3.6/site-packages/django/template/backends/django.py", line 34, in get_template
    return Template(self.engine.get_template(template_name), self)
  File "/home/jbarradas/.local/lib/python3.6/site-packages/django/template/engine.py", line 143, in get_template
    template, origin = self.find_template(template_name)
  File "/home/jbarradas/.local/lib/python3.6/site-packages/django/template/engine.py", line 125, in find_template
    template = loader.get_template(name, skip=skip)
  File "/home/jbarradas/.local/lib/python3.6/site-packages/django/template/loaders/base.py", line 30, in get_template
    contents, origin, origin.template_name, self.engine,
  File "/home/jbarradas/.local/lib/python3.6/site-packages/django/template/base.py", line 156, in __init__
    self.nodelist = self.compile_nodelist()
  File "/home/jbarradas/.local/lib/python3.6/site-packages/django/template/base.py", line 194, in compile_nodelist
    return parser.parse()
  File "/home/jbarradas/.local/lib/python3.6/site-packages/django/template/base.py", line 477, in parse
    raise self.error(token, e)
  File "/home/jbarradas/.local/lib/python3.6/site-packages/django/template/base.py", line 475, in parse
    compiled_result = compile_func(self, token)
  File "/home/jbarradas/.local/lib/python3.6/site-packages/django/template/loader_tags.py", line 266, in do_extends
    nodelist = parser.parse()
  File "/home/jbarradas/.local/lib/python3.6/site-packages/django/template/base.py", line 477, in parse
    raise self.error(token, e)
  File "/home/jbarradas/.local/lib/python3.6/site-packages/django/template/base.py", line 475, in parse
    compiled_result = compile_func(self, token)
  File "/home/jbarradas/.local/lib/python3.6/site-packages/django/template/loader_tags.py", line 209, in do_block
    nodelist = parser.parse(('endblock',))
  File "/home/jbarradas/.local/lib/python3.6/site-packages/django/template/base.py", line 477, in parse
    raise self.error(token, e)
  File "/home/jbarradas/.local/lib/python3.6/site-packages/django/template/base.py", line 475, in parse
    compiled_result = compile_func(self, token)
  File "/home/jbarradas/.local/lib/python3.6/site-packages/django/template/defaulttags.py", line 966, in do_if
    nodelist = parser.parse(('endif',))
  File "/home/jbarradas/.local/lib/python3.6/site-packages/django/template/base.py", line 471, in parse
    self.invalid_block_tag(token, command, parse_until)
  File "/home/jbarradas/.local/lib/python3.6/site-packages/django/template/base.py", line 527, in invalid_block_tag
    get_text_list(["'%s'" % p for p in parse_until], 'or'),
django.template.exceptions.TemplateSyntaxError: Invalid block tag on line 47: 'endblock', expected 'endif'. Did you forget to register or load this tag?

During handling of the above exception, another exception occurred:

Traceback (most recent call last):
  File "/home/jbarradas/.local/lib/python3.6/site-packages/django/template/base.py", line 469, in parse
    compile_func = self.tags[command]
KeyError: 'endblock'

During handling of the above exception, another exception occurred:

Traceback (most recent call last):
  File "/home/jbarradas/.local/lib/python3.6/site-packages/django/core/handlers/exception.py", line 34, in inner
    response = get_response(request)
  File "/home/jbarradas/.local/lib/python3.6/site-packages/django/core/handlers/base.py", line 115, in _get_response
    response = self.process_exception_by_middleware(e, request)
  File "/home/jbarradas/.local/lib/python3.6/site-packages/django/core/handlers/base.py", line 113, in _get_response
    response = wrapped_callback(request, *callback_args, **callback_kwargs)
  File "/home/jbarradas/PROGRAMAS/GIT3/adminServer/appWeb/decoradores.py", line 15, in interna
    return vista(request)
  File "/home/jbarradas/PROGRAMAS/GIT3/adminServer/appWeb/views.py", line 95, in servidores
    return render(request, "servidores.html",{"error": True})
  File "/home/jbarradas/.local/lib/python3.6/site-packages/django/shortcuts.py", line 19, in render
    content = loader.render_to_string(template_name, context, request, using=using)
  File "/home/jbarradas/.local/lib/python3.6/site-packages/django/template/loader.py", line 61, in render_to_string
    template = get_template(template_name, using=using)
  File "/home/jbarradas/.local/lib/python3.6/site-packages/django/template/loader.py", line 15, in get_template
    return engine.get_template(template_name)
  File "/home/jbarradas/.local/lib/python3.6/site-packages/django/template/backends/django.py", line 34, in get_template
    return Template(self.engine.get_template(template_name), self)
  File "/home/jbarradas/.local/lib/python3.6/site-packages/django/template/engine.py", line 143, in get_template
    template, origin = self.find_template(template_name)
  File "/home/jbarradas/.local/lib/python3.6/site-packages/django/template/engine.py", line 125, in find_template
    template = loader.get_template(name, skip=skip)
  File "/home/jbarradas/.local/lib/python3.6/site-packages/django/template/loaders/base.py", line 30, in get_template
    contents, origin, origin.template_name, self.engine,
  File "/home/jbarradas/.local/lib/python3.6/site-packages/django/template/base.py", line 156, in __init__
    self.nodelist = self.compile_nodelist()
  File "/home/jbarradas/.local/lib/python3.6/site-packages/django/template/base.py", line 194, in compile_nodelist
    return parser.parse()
  File "/home/jbarradas/.local/lib/python3.6/site-packages/django/template/base.py", line 477, in parse
    raise self.error(token, e)
  File "/home/jbarradas/.local/lib/python3.6/site-packages/django/template/base.py", line 475, in parse
    compiled_result = compile_func(self, token)
  File "/home/jbarradas/.local/lib/python3.6/site-packages/django/template/loader_tags.py", line 266, in do_extends
    nodelist = parser.parse()
  File "/home/jbarradas/.local/lib/python3.6/site-packages/django/template/base.py", line 477, in parse
    raise self.error(token, e)
  File "/home/jbarradas/.local/lib/python3.6/site-packages/django/template/base.py", line 475, in parse
    compiled_result = compile_func(self, token)
  File "/home/jbarradas/.local/lib/python3.6/site-packages/django/template/loader_tags.py", line 209, in do_block
    nodelist = parser.parse(('endblock',))
  File "/home/jbarradas/.local/lib/python3.6/site-packages/django/template/base.py", line 477, in parse
    raise self.error(token, e)
  File "/home/jbarradas/.local/lib/python3.6/site-packages/django/template/base.py", line 475, in parse
    compiled_result = compile_func(self, token)
  File "/home/jbarradas/.local/lib/python3.6/site-packages/django/template/defaulttags.py", line 966, in do_if
    nodelist = parser.parse(('endif',))
  File "/home/jbarradas/.local/lib/python3.6/site-packages/django/template/base.py", line 471, in parse
    self.invalid_block_tag(token, command, parse_until)
  File "/home/jbarradas/.local/lib/python3.6/site-packages/django/template/base.py", line 527, in invalid_block_tag
    get_text_list(["'%s'" % p for p in parse_until], 'or'),
django.template.exceptions.TemplateSyntaxError: Invalid block tag on line 47: 'endblock', expected 'endif'. Did you forget to register or load this tag?
2020-06-30 00:19:11,850 servidores: Se intento una petición por el método: GET
2020-06-30 00:20:26,899 servidores: Se intento una petición por el método: GET
2020-06-30 00:20:56,006 servidores: Se intento una petición por el método: GET
2020-06-30 00:21:14,133 Internal Server Error: /monitor/1/
Traceback (most recent call last):
  File "/home/jbarradas/.local/lib/python3.6/site-packages/django/core/handlers/exception.py", line 34, in inner
    response = get_response(request)
  File "/home/jbarradas/.local/lib/python3.6/site-packages/django/core/handlers/base.py", line 115, in _get_response
    response = self.process_exception_by_middleware(e, request)
  File "/home/jbarradas/.local/lib/python3.6/site-packages/django/core/handlers/base.py", line 113, in _get_response
    response = wrapped_callback(request, *callback_args, **callback_kwargs)
TypeError: interna() got an unexpected keyword argument 'pk'
2020-06-30 00:22:50,868 /home/jbarradas/PROGRAMAS/GIT3/adminServer/appWeb/views.py changed, reloading.
2020-06-30 00:22:55,141 monitoreo: Se intento una petición por el método: GET
2020-06-30 00:22:55,198 monitoreo: url del servidor a monitorear: http://127.0.0.1:8000
2020-06-30 00:22:55,593 Internal Server Error: /monitor/1/
Traceback (most recent call last):
  File "/home/jbarradas/.local/lib/python3.6/site-packages/django/core/handlers/exception.py", line 34, in inner
    response = get_response(request)
  File "/home/jbarradas/.local/lib/python3.6/site-packages/django/core/handlers/base.py", line 115, in _get_response
    response = self.process_exception_by_middleware(e, request)
  File "/home/jbarradas/.local/lib/python3.6/site-packages/django/core/handlers/base.py", line 113, in _get_response
    response = wrapped_callback(request, *callback_args, **callback_kwargs)
  File "/home/jbarradas/PROGRAMAS/GIT3/adminServer/appWeb/views.py", line 116, in monitoreo
    logging.info('monitoreo: Datos a consultar: ' + data)
TypeError: must be str, not dict
2020-06-30 00:24:20,009 /home/jbarradas/PROGRAMAS/GIT3/adminServer/appWeb/views.py changed, reloading.
2020-06-30 00:24:22,962 monitoreo: Se intento una petición por el método: GET
2020-06-30 00:24:22,976 monitoreo: url del servidor a monitorear: http://127.0.0.1:8000
2020-06-30 00:24:22,976 monitoreo: Datos a consultar: {'username': 'p1', 'password': 'uh9ee1u5FhXEyQZzJtxV9/Lkwq8FyG7i4F/rE4kI2fA=Yiebxco='}
2020-06-30 00:24:22,980 Starting new HTTP connection (1): 127.0.0.1
2020-06-30 00:24:23,777 http://127.0.0.1:8000 "POST /authenticacion/ HTTP/1.1" 200 52
2020-06-30 00:24:23,779 monitoreo: Resultado de solicitud: {"token":"e14f10f986c6d84bec1c3f9e095e93e6632f6224"}
2020-06-30 00:24:23,784 Starting new HTTP connection (1): 127.0.0.1
2020-06-30 00:24:24,821 http://127.0.0.1:8000 "GET /datos_monitor/ HTTP/1.1" 200 59
2020-06-30 00:24:24,824 monitoreo: Resultado de datos de monitor: "{\"cpu\":\"85.1\",\"memoria\":\"86.2\",\"disco\":\"8.3\"}"
2020-06-30 00:24:24,825 monitoreo: Datos del servidor: "{\"cpu\":\"85.1\",\"memoria\":\"86.2\",\"disco\":\"8.3\"}"
2020-06-30 00:24:25,032 Internal Server Error: /monitor/1/
Traceback (most recent call last):
  File "/home/jbarradas/.local/lib/python3.6/site-packages/django/template/base.py", line 469, in parse
    compile_func = self.tags[command]
KeyError: 'end'

During handling of the above exception, another exception occurred:

Traceback (most recent call last):
  File "/home/jbarradas/.local/lib/python3.6/site-packages/django/core/handlers/exception.py", line 34, in inner
    response = get_response(request)
  File "/home/jbarradas/.local/lib/python3.6/site-packages/django/core/handlers/base.py", line 115, in _get_response
    response = self.process_exception_by_middleware(e, request)
  File "/home/jbarradas/.local/lib/python3.6/site-packages/django/core/handlers/base.py", line 113, in _get_response
    response = wrapped_callback(request, *callback_args, **callback_kwargs)
  File "/home/jbarradas/PROGRAMAS/GIT3/adminServer/appWeb/views.py", line 141, in monitoreo
    return render(request, "monitoreo.html",{"usuario":usuario,"servidor":datos_servidor, "error": False})
  File "/home/jbarradas/.local/lib/python3.6/site-packages/django/shortcuts.py", line 19, in render
    content = loader.render_to_string(template_name, context, request, using=using)
  File "/home/jbarradas/.local/lib/python3.6/site-packages/django/template/loader.py", line 61, in render_to_string
    template = get_template(template_name, using=using)
  File "/home/jbarradas/.local/lib/python3.6/site-packages/django/template/loader.py", line 15, in get_template
    return engine.get_template(template_name)
  File "/home/jbarradas/.local/lib/python3.6/site-packages/django/template/backends/django.py", line 34, in get_template
    return Template(self.engine.get_template(template_name), self)
  File "/home/jbarradas/.local/lib/python3.6/site-packages/django/template/engine.py", line 143, in get_template
    template, origin = self.find_template(template_name)
  File "/home/jbarradas/.local/lib/python3.6/site-packages/django/template/engine.py", line 125, in find_template
    template = loader.get_template(name, skip=skip)
  File "/home/jbarradas/.local/lib/python3.6/site-packages/django/template/loaders/base.py", line 30, in get_template
    contents, origin, origin.template_name, self.engine,
  File "/home/jbarradas/.local/lib/python3.6/site-packages/django/template/base.py", line 156, in __init__
    self.nodelist = self.compile_nodelist()
  File "/home/jbarradas/.local/lib/python3.6/site-packages/django/template/base.py", line 194, in compile_nodelist
    return parser.parse()
  File "/home/jbarradas/.local/lib/python3.6/site-packages/django/template/base.py", line 477, in parse
    raise self.error(token, e)
  File "/home/jbarradas/.local/lib/python3.6/site-packages/django/template/base.py", line 475, in parse
    compiled_result = compile_func(self, token)
  File "/home/jbarradas/.local/lib/python3.6/site-packages/django/template/loader_tags.py", line 266, in do_extends
    nodelist = parser.parse()
  File "/home/jbarradas/.local/lib/python3.6/site-packages/django/template/base.py", line 477, in parse
    raise self.error(token, e)
  File "/home/jbarradas/.local/lib/python3.6/site-packages/django/template/base.py", line 475, in parse
    compiled_result = compile_func(self, token)
  File "/home/jbarradas/.local/lib/python3.6/site-packages/django/template/loader_tags.py", line 209, in do_block
    nodelist = parser.parse(('endblock',))
  File "/home/jbarradas/.local/lib/python3.6/site-packages/django/template/base.py", line 477, in parse
    raise self.error(token, e)
  File "/home/jbarradas/.local/lib/python3.6/site-packages/django/template/base.py", line 475, in parse
    compiled_result = compile_func(self, token)
  File "/home/jbarradas/.local/lib/python3.6/site-packages/django/template/defaulttags.py", line 966, in do_if
    nodelist = parser.parse(('endif',))
  File "/home/jbarradas/.local/lib/python3.6/site-packages/django/template/base.py", line 471, in parse
    self.invalid_block_tag(token, command, parse_until)
  File "/home/jbarradas/.local/lib/python3.6/site-packages/django/template/base.py", line 527, in invalid_block_tag
    get_text_list(["'%s'" % p for p in parse_until], 'or'),
django.template.exceptions.TemplateSyntaxError: Invalid block tag on line 36: 'end', expected 'endif'. Did you forget to register or load this tag?
2020-06-30 00:24:52,739 monitoreo: Se intento una petición por el método: GET
2020-06-30 00:24:52,748 monitoreo: url del servidor a monitorear: http://127.0.0.1:8000
2020-06-30 00:24:52,748 monitoreo: Datos a consultar: {'username': 'p1', 'password': 'uh9ee1u5FhXEyQZzJtxV9/Lkwq8FyG7i4F/rE4kI2fA=Yiebxco='}
2020-06-30 00:24:52,751 Starting new HTTP connection (1): 127.0.0.1
2020-06-30 00:24:52,974 http://127.0.0.1:8000 "POST /authenticacion/ HTTP/1.1" 200 52
2020-06-30 00:24:52,975 monitoreo: Resultado de solicitud: {"token":"e14f10f986c6d84bec1c3f9e095e93e6632f6224"}
2020-06-30 00:24:52,977 Starting new HTTP connection (1): 127.0.0.1
2020-06-30 00:24:53,991 http://127.0.0.1:8000 "GET /datos_monitor/ HTTP/1.1" 200 59
2020-06-30 00:24:53,993 monitoreo: Resultado de datos de monitor: "{\"cpu\":\"35.5\",\"memoria\":\"85.3\",\"disco\":\"8.3\"}"
2020-06-30 00:24:53,993 monitoreo: Datos del servidor: "{\"cpu\":\"35.5\",\"memoria\":\"85.3\",\"disco\":\"8.3\"}"
2020-06-30 00:24:59,109 monitoreo: Se intento una petición por el método: GET
2020-06-30 00:24:59,121 monitoreo: url del servidor a monitorear: http://127.0.0.1:8000
2020-06-30 00:24:59,121 monitoreo: Datos a consultar: {'username': 'p1', 'password': 'uh9ee1u5FhXEyQZzJtxV9/Lkwq8FyG7i4F/rE4kI2fA=Yiebxco='}
2020-06-30 00:24:59,123 Starting new HTTP connection (1): 127.0.0.1
2020-06-30 00:24:59,358 http://127.0.0.1:8000 "POST /authenticacion/ HTTP/1.1" 200 52
2020-06-30 00:24:59,359 monitoreo: Resultado de solicitud: {"token":"e14f10f986c6d84bec1c3f9e095e93e6632f6224"}
2020-06-30 00:24:59,363 Starting new HTTP connection (1): 127.0.0.1
2020-06-30 00:25:00,381 http://127.0.0.1:8000 "GET /datos_monitor/ HTTP/1.1" 200 59
2020-06-30 00:25:00,382 monitoreo: Resultado de datos de monitor: "{\"cpu\":\"32.7\",\"memoria\":\"85.2\",\"disco\":\"8.3\"}"
2020-06-30 00:25:00,382 monitoreo: Datos del servidor: "{\"cpu\":\"32.7\",\"memoria\":\"85.2\",\"disco\":\"8.3\"}"
2020-06-30 00:25:01,337 monitoreo: Se intento una petición por el método: GET
2020-06-30 00:25:01,348 monitoreo: url del servidor a monitorear: http://127.0.0.1:8000
2020-06-30 00:25:01,348 monitoreo: Datos a consultar: {'username': 'p1', 'password': 'uh9ee1u5FhXEyQZzJtxV9/Lkwq8FyG7i4F/rE4kI2fA=Yiebxco='}
2020-06-30 00:25:01,350 Starting new HTTP connection (1): 127.0.0.1
2020-06-30 00:25:01,567 http://127.0.0.1:8000 "POST /authenticacion/ HTTP/1.1" 200 52
2020-06-30 00:25:01,568 monitoreo: Resultado de solicitud: {"token":"e14f10f986c6d84bec1c3f9e095e93e6632f6224"}
2020-06-30 00:25:01,571 Starting new HTTP connection (1): 127.0.0.1
2020-06-30 00:25:02,582 http://127.0.0.1:8000 "GET /datos_monitor/ HTTP/1.1" 200 59
2020-06-30 00:25:02,583 monitoreo: Resultado de datos de monitor: "{\"cpu\":\"28.6\",\"memoria\":\"85.2\",\"disco\":\"8.3\"}"
2020-06-30 00:25:02,583 monitoreo: Datos del servidor: "{\"cpu\":\"28.6\",\"memoria\":\"85.2\",\"disco\":\"8.3\"}"
2020-06-30 00:25:03,503 monitoreo: Se intento una petición por el método: GET
2020-06-30 00:25:03,509 monitoreo: url del servidor a monitorear: http://127.0.0.1:8000
2020-06-30 00:25:03,510 monitoreo: Datos a consultar: {'username': 'p1', 'password': 'uh9ee1u5FhXEyQZzJtxV9/Lkwq8FyG7i4F/rE4kI2fA=Yiebxco='}
2020-06-30 00:25:03,512 Starting new HTTP connection (1): 127.0.0.1
2020-06-30 00:25:03,733 http://127.0.0.1:8000 "POST /authenticacion/ HTTP/1.1" 200 52
2020-06-30 00:25:03,734 monitoreo: Resultado de solicitud: {"token":"e14f10f986c6d84bec1c3f9e095e93e6632f6224"}
2020-06-30 00:25:03,738 Starting new HTTP connection (1): 127.0.0.1
2020-06-30 00:25:04,761 http://127.0.0.1:8000 "GET /datos_monitor/ HTTP/1.1" 200 59
2020-06-30 00:25:04,762 monitoreo: Resultado de datos de monitor: "{\"cpu\":\"31.0\",\"memoria\":\"85.2\",\"disco\":\"8.3\"}"
2020-06-30 00:25:04,763 monitoreo: Datos del servidor: "{\"cpu\":\"31.0\",\"memoria\":\"85.2\",\"disco\":\"8.3\"}"
2020-06-30 00:25:14,957 monitoreo: Se intento una petición por el método: GET
2020-06-30 00:25:14,968 monitoreo: url del servidor a monitorear: http://127.0.0.1:8000
2020-06-30 00:25:14,968 monitoreo: Datos a consultar: {'username': 'p1', 'password': 'uh9ee1u5FhXEyQZzJtxV9/Lkwq8FyG7i4F/rE4kI2fA=Yiebxco='}
2020-06-30 00:25:14,970 Starting new HTTP connection (1): 127.0.0.1
2020-06-30 00:25:15,188 http://127.0.0.1:8000 "POST /authenticacion/ HTTP/1.1" 200 52
2020-06-30 00:25:15,189 monitoreo: Resultado de solicitud: {"token":"e14f10f986c6d84bec1c3f9e095e93e6632f6224"}
2020-06-30 00:25:15,191 Starting new HTTP connection (1): 127.0.0.1
2020-06-30 00:25:16,204 http://127.0.0.1:8000 "GET /datos_monitor/ HTTP/1.1" 200 59
2020-06-30 00:25:16,205 monitoreo: Resultado de datos de monitor: "{\"cpu\":\"29.7\",\"memoria\":\"85.2\",\"disco\":\"8.3\"}"
2020-06-30 00:25:16,205 monitoreo: Datos del servidor: "{\"cpu\":\"29.7\",\"memoria\":\"85.2\",\"disco\":\"8.3\"}"
2020-06-30 00:25:26,488 monitoreo: Se intento una petición por el método: GET
2020-06-30 00:25:26,493 monitoreo: url del servidor a monitorear: http://127.0.0.1:8000
2020-06-30 00:25:26,493 monitoreo: Datos a consultar: {'username': 'p1', 'password': 'uh9ee1u5FhXEyQZzJtxV9/Lkwq8FyG7i4F/rE4kI2fA=Yiebxco='}
2020-06-30 00:25:26,496 Starting new HTTP connection (1): 127.0.0.1
2020-06-30 00:25:26,740 http://127.0.0.1:8000 "POST /authenticacion/ HTTP/1.1" 200 52
2020-06-30 00:25:26,741 monitoreo: Resultado de solicitud: {"token":"e14f10f986c6d84bec1c3f9e095e93e6632f6224"}
2020-06-30 00:25:26,744 Starting new HTTP connection (1): 127.0.0.1
2020-06-30 00:25:27,761 http://127.0.0.1:8000 "GET /datos_monitor/ HTTP/1.1" 200 59
2020-06-30 00:25:27,764 monitoreo: Resultado de datos de monitor: "{\"cpu\":\"26.7\",\"memoria\":\"85.1\",\"disco\":\"8.3\"}"
2020-06-30 00:25:27,765 monitoreo: Datos del servidor: "{\"cpu\":\"26.7\",\"memoria\":\"85.1\",\"disco\":\"8.3\"}"
2020-06-30 00:25:32,010 logout: Se intento una petición por el método: GET
2020-06-30 00:25:32,075 Using parameter request.POST to get username with key settings.AXES_USERNAME_FORM_FIELD
2020-06-30 00:25:32,076 AXES: Getting access attempts that are newer than 2020-06-29 23:25:32.073466
2020-06-30 00:25:32,083 login: Se hace petición por el método: GET
2020-06-30 00:26:27,285 Using parameter request.POST to get username with key settings.AXES_USERNAME_FORM_FIELD
2020-06-30 00:26:27,285 AXES: Getting access attempts that are newer than 2020-06-29 23:26:27.284941
2020-06-30 00:26:27,287 login: Se hace petición por el método: GET
2020-06-30 00:26:40,967 Using parameter request.POST to get username with key settings.AXES_USERNAME_FORM_FIELD
2020-06-30 00:26:40,968 AXES: Getting access attempts that are newer than 2020-06-29 23:26:40.967797
2020-06-30 00:26:40,971 login: Se hace petición por el método: GET
2020-06-30 00:27:02,047 Using parameter request.POST to get username with key settings.AXES_USERNAME_FORM_FIELD
2020-06-30 00:27:02,048 AXES: Getting access attempts that are newer than 2020-06-29 23:27:02.047296
2020-06-30 00:27:02,051 login: Se hace petición por el método: GET
2020-06-30 00:27:16,094 Using parameter request.POST to get username with key settings.AXES_USERNAME_FORM_FIELD
2020-06-30 00:27:16,095 AXES: Getting access attempts that are newer than 2020-06-29 23:27:16.094564
2020-06-30 00:27:16,097 login: Se hace petición por el método: GET
2020-06-30 00:27:30,464 Using parameter request.POST to get username with key settings.AXES_USERNAME_FORM_FIELD
2020-06-30 00:27:30,465 AXES: Getting access attempts that are newer than 2020-06-29 23:27:30.464614
2020-06-30 00:27:30,468 login: Se hace petición por el método: GET
2020-06-30 00:27:49,106 Using parameter request.POST to get username with key settings.AXES_USERNAME_FORM_FIELD
2020-06-30 00:27:49,106 AXES: Getting access attempts that are newer than 2020-06-29 23:27:49.106262
2020-06-30 00:27:49,109 login: Se hace petición por el método: GET
2020-06-30 00:28:01,428 Using parameter request.POST to get username with key settings.AXES_USERNAME_FORM_FIELD
2020-06-30 00:28:01,428 AXES: Getting access attempts that are newer than 2020-06-29 23:28:01.428284
2020-06-30 00:28:01,431 login: Se hace petición por el método: GET
2020-06-30 00:28:18,690 Using parameter request.POST to get username with key settings.AXES_USERNAME_FORM_FIELD
2020-06-30 00:28:18,691 AXES: Getting access attempts that are newer than 2020-06-29 23:28:18.690523
2020-06-30 00:28:18,695 login: Se hace petición por el método: GET
2020-06-30 00:28:27,471 Using parameter request.POST to get username with key settings.AXES_USERNAME_FORM_FIELD
2020-06-30 00:28:27,472 AXES: Getting access attempts that are newer than 2020-06-29 23:28:27.471371
2020-06-30 00:28:27,475 login: Se hace petición por el método: GET
2020-06-30 00:29:49,184 Using parameter request.POST to get username with key settings.AXES_USERNAME_FORM_FIELD
2020-06-30 00:29:49,185 AXES: Getting access attempts that are newer than 2020-06-29 23:29:49.184639
2020-06-30 00:29:49,190 login_global: Se ingresó por GET
2020-06-30 00:30:08,393 Using parameter request.POST to get username with key settings.AXES_USERNAME_FORM_FIELD
2020-06-30 00:30:08,394 AXES: Getting access attempts that are newer than 2020-06-29 23:30:08.393710
2020-06-30 00:30:08,396 login_global: Se ingresó por GET
2020-06-30 00:30:17,893 Using parameter request.POST to get username with key settings.AXES_USERNAME_FORM_FIELD
2020-06-30 00:30:17,893 AXES: Getting access attempts that are newer than 2020-06-29 23:30:17.893284
2020-06-30 00:30:17,897 login: Se hace petición por el método: GET
2020-06-30 00:30:57,297 Using parameter request.POST to get username with key settings.AXES_USERNAME_FORM_FIELD
2020-06-30 00:30:57,298 AXES: Getting access attempts that are newer than 2020-06-29 23:30:57.297131
2020-06-30 00:30:57,301 login: Se hace petición por el método: GET
2020-06-30 00:31:00,154 Using parameter request.POST to get username with key settings.AXES_USERNAME_FORM_FIELD
2020-06-30 00:31:00,156 AXES: Getting access attempts that are newer than 2020-06-29 23:31:00.154434
2020-06-30 00:31:00,159 login_global: Se ingresó por GET
2020-06-30 00:31:02,193 Using parameter request.POST to get username with key settings.AXES_USERNAME_FORM_FIELD
2020-06-30 00:31:02,194 AXES: Getting access attempts that are newer than 2020-06-29 23:31:02.193675
2020-06-30 00:31:02,197 login: Se hace petición por el método: GET
2020-06-30 00:31:03,524 Using parameter request.POST to get username with key settings.AXES_USERNAME_FORM_FIELD
2020-06-30 00:31:03,528 AXES: Getting access attempts that are newer than 2020-06-29 23:31:03.524809
2020-06-30 00:31:03,532 login_global: Se ingresó por GET
2020-06-30 00:31:04,631 Using parameter request.POST to get username with key settings.AXES_USERNAME_FORM_FIELD
2020-06-30 00:31:04,632 AXES: Getting access attempts that are newer than 2020-06-29 23:31:04.631341
2020-06-30 00:31:04,638 login: Se hace petición por el método: GET
2020-06-30 00:31:05,544 Using parameter request.POST to get username with key settings.AXES_USERNAME_FORM_FIELD
2020-06-30 00:31:05,545 AXES: Getting access attempts that are newer than 2020-06-29 23:31:05.544326
2020-06-30 00:31:05,551 login_global: Se ingresó por GET
2020-06-30 00:31:06,310 Using parameter request.POST to get username with key settings.AXES_USERNAME_FORM_FIELD
2020-06-30 00:31:06,310 AXES: Getting access attempts that are newer than 2020-06-29 23:31:06.310246
2020-06-30 00:31:06,314 login: Se hace petición por el método: GET
2020-06-30 00:31:07,021 Using parameter request.POST to get username with key settings.AXES_USERNAME_FORM_FIELD
2020-06-30 00:31:07,021 AXES: Getting access attempts that are newer than 2020-06-29 23:31:07.020957
2020-06-30 00:31:07,027 login_global: Se ingresó por GET
2020-06-30 00:31:07,661 Using parameter request.POST to get username with key settings.AXES_USERNAME_FORM_FIELD
2020-06-30 00:31:07,662 AXES: Getting access attempts that are newer than 2020-06-29 23:31:07.661252
2020-06-30 00:31:07,667 login: Se hace petición por el método: GET
2020-06-30 00:31:08,280 Using parameter request.POST to get username with key settings.AXES_USERNAME_FORM_FIELD
2020-06-30 00:31:08,281 AXES: Getting access attempts that are newer than 2020-06-29 23:31:08.280119
2020-06-30 00:31:08,287 login_global: Se ingresó por GET
2020-06-30 00:31:08,957 Using parameter request.POST to get username with key settings.AXES_USERNAME_FORM_FIELD
2020-06-30 00:31:08,958 AXES: Getting access attempts that are newer than 2020-06-29 23:31:08.957565
2020-06-30 00:31:08,962 login: Se hace petición por el método: GET
2020-06-30 00:31:09,592 Using parameter request.POST to get username with key settings.AXES_USERNAME_FORM_FIELD
2020-06-30 00:31:09,592 AXES: Getting access attempts that are newer than 2020-06-29 23:31:09.592105
2020-06-30 00:31:09,595 login_global: Se ingresó por GET
2020-06-30 00:31:10,204 Using parameter request.POST to get username with key settings.AXES_USERNAME_FORM_FIELD
2020-06-30 00:31:10,204 AXES: Getting access attempts that are newer than 2020-06-29 23:31:10.204374
2020-06-30 00:31:10,207 login: Se hace petición por el método: GET
2020-06-30 00:31:40,755 Using parameter request.POST to get username with key settings.AXES_USERNAME_FORM_FIELD
2020-06-30 00:31:40,755 AXES: Getting access attempts that are newer than 2020-06-29 23:31:40.755097
2020-06-30 00:31:40,761 login_global: Se ingresó por GET
2020-06-30 00:31:51,690 Using parameter request.POST to get username with key settings.AXES_USERNAME_FORM_FIELD
2020-06-30 00:31:51,691 AXES: Getting access attempts that are newer than 2020-06-29 23:31:51.690180
2020-06-30 00:31:51,699 login_global: Se ingresó por POST
2020-06-30 00:31:51,700 Using parameter credentials to get username with key settings.AXES_USERNAME_FORM_FIELD
2020-06-30 00:31:51,701 AXES: Getting access attempts that are newer than 2020-06-29 23:31:51.690180
2020-06-30 00:31:51,960 login_global: Se termina de utilizar authenticate
2020-06-30 00:31:52,016 login_global: Se guarda token en base de datos.
2020-06-30 00:31:52,165 AXES: Cleaned up 0 expired access attempts from database that were older than 2020-06-29 23:31:51.690180
2020-06-30 00:31:52,166 AXES: Successful login by {username: "Admin", ip_address: "127.0.0.1", user_agent: "Mozilla/5.0 (X11; Ubuntu; Linux x86_64; rv:77.0) Gecko/20100101 Firefox/77.0", path_info: "/accounts/login/"}.
2020-06-30 00:32:52,405 Not Found: /favicon.ico
2020-06-30 00:36:56,406 /home/jbarradas/PROGRAMAS/GIT3/adminServer/appWeb/decoradores.py changed, reloading.
2020-06-30 00:37:52,539 /home/jbarradas/PROGRAMAS/GIT3/adminServer/appWeb/decoradores.py changed, reloading.
2020-06-30 00:38:13,186 /home/jbarradas/PROGRAMAS/GIT3/adminServer/appWeb/views.py changed, reloading.
2020-06-30 00:38:29,948 /home/jbarradas/PROGRAMAS/GIT3/adminServer/appWeb/decoradores.py changed, reloading.
2020-06-30 00:38:41,824 /home/jbarradas/PROGRAMAS/GIT3/adminServer/appWeb/decoradores.py changed, reloading.
2020-06-30 00:38:49,150 /home/jbarradas/PROGRAMAS/GIT3/adminServer/appWeb/views.py changed, reloading.
2020-06-30 00:38:57,795 Using parameter request.POST to get username with key settings.AXES_USERNAME_FORM_FIELD
2020-06-30 00:38:57,797 AXES: Getting access attempts that are newer than 2020-06-29 23:38:57.794578
2020-06-30 00:39:06,492 Not Found: /accounts/global
2020-06-30 00:39:16,601 Using parameter request.POST to get username with key settings.AXES_USERNAME_FORM_FIELD
2020-06-30 00:39:16,602 AXES: Getting access attempts that are newer than 2020-06-29 23:39:16.601557
2020-06-30 00:39:26,263 logoutAdmin: Se intento una petición por el método: GET
2020-06-30 00:39:26,269 AXES: Cleaned up 0 expired access attempts from database that were older than 2020-06-29 23:39:26.263507
2020-06-30 00:39:26,270 AXES: Successful logout by {username: "Admin", ip_address: "127.0.0.1", user_agent: "Mozilla/5.0 (X11; Ubuntu; Linux x86_64; rv:77.0) Gecko/20100101 Firefox/77.0", path_info: "/global/logout/"}.
2020-06-30 00:39:26,354 Using parameter request.POST to get username with key settings.AXES_USERNAME_FORM_FIELD
2020-06-30 00:39:26,355 AXES: Getting access attempts that are newer than 2020-06-29 23:39:26.354333
2020-06-30 00:39:26,421 login_global: Se ingresó por GET
2020-06-30 15:14:49,614 Using selector: EpollSelector
2020-06-30 15:15:24,251 Using parameter request.POST to get username with key settings.AXES_USERNAME_FORM_FIELD
2020-06-30 15:15:24,253 AXES: Getting access attempts that are newer than 2020-06-30 14:15:24.213819
2020-06-30 15:15:24,265 login: Se hace petición por el método: GET
2020-06-30 15:17:45,197 Using parameter request.POST to get username with key settings.AXES_USERNAME_FORM_FIELD
2020-06-30 15:17:45,198 AXES: Getting access attempts that are newer than 2020-06-30 14:17:45.196877
2020-06-30 15:17:45,209 login_global: Se ingresó por GET
2020-06-30 15:19:55,213 Using parameter request.POST to get username with key settings.AXES_USERNAME_FORM_FIELD
2020-06-30 15:19:55,215 AXES: Getting access attempts that are newer than 2020-06-30 14:19:55.213686
2020-06-30 15:19:55,242 login_global: Se ingresó por POST
2020-06-30 15:19:55,277 Using parameter credentials to get username with key settings.AXES_USERNAME_FORM_FIELD
2020-06-30 15:19:55,279 AXES: Getting access attempts that are newer than 2020-06-30 14:19:55.213686
2020-06-30 15:19:56,495 login_global: Se termina de utilizar authenticate
2020-06-30 15:19:56,518 login_global: Se guarda token en base de datos.
2020-06-30 15:19:56,649 AXES: Cleaned up 1 expired access attempts from database that were older than 2020-06-30 14:19:55.213686
2020-06-30 15:19:56,651 AXES: Successful login by {username: "manager", ip_address: "127.0.0.1", user_agent: "Mozilla/5.0 (X11; Linux x86_64; rv:78.0) Gecko/20100101 Firefox/78.0", path_info: "/accounts/login/"}.
2020-06-30 15:29:00,003 Using parameter request.POST to get username with key settings.AXES_USERNAME_FORM_FIELD
2020-06-30 15:29:00,005 AXES: Getting access attempts that are newer than 2020-06-30 14:29:00.003642
2020-06-30 15:29:00,021 login_global: Se ingresó por GET
2020-06-30 15:29:08,104 Using parameter request.POST to get username with key settings.AXES_USERNAME_FORM_FIELD
2020-06-30 15:29:08,106 AXES: Getting access attempts that are newer than 2020-06-30 14:29:08.104133
2020-06-30 15:29:08,120 login: Se hace petición por el método: GET
2020-06-30 15:29:27,490 Using parameter request.POST to get username with key settings.AXES_USERNAME_FORM_FIELD
2020-06-30 15:29:27,494 AXES: Getting access attempts that are newer than 2020-06-30 14:29:27.490234
2020-06-30 15:29:27,506 login_global: Se ingresó por POST
2020-06-30 15:29:27,507 Using parameter credentials to get username with key settings.AXES_USERNAME_FORM_FIELD
2020-06-30 15:29:27,508 AXES: Getting access attempts that are newer than 2020-06-30 14:29:27.490234
2020-06-30 15:29:28,178 login_global: Se termina de utilizar authenticate
2020-06-30 15:29:28,200 login_global: Se guarda token en base de datos.
2020-06-30 15:29:28,239 AXES: Cleaned up 0 expired access attempts from database that were older than 2020-06-30 14:29:27.490234
2020-06-30 15:29:28,241 AXES: Successful login by {username: "manager", ip_address: "127.0.0.1", user_agent: "Mozilla/5.0 (X11; Linux x86_64; rv:78.0) Gecko/20100101 Firefox/78.0", path_info: "/accounts/login/"}.
2020-06-30 15:29:43,834 Internal Server Error: /global/listar_server/
Traceback (most recent call last):
  File "/home/aries/.local/lib/python3.8/site-packages/django/db/backends/utils.py", line 86, in _execute
    return self.cursor.execute(sql, params)
  File "/home/aries/.local/lib/python3.8/site-packages/django/db/backends/mysql/base.py", line 74, in execute
    return self.cursor.execute(query, args)
  File "/home/aries/.local/lib/python3.8/site-packages/MySQLdb/cursors.py", line 209, in execute
    res = self._query(query)
  File "/home/aries/.local/lib/python3.8/site-packages/MySQLdb/cursors.py", line 315, in _query
    db.query(q)
  File "/home/aries/.local/lib/python3.8/site-packages/MySQLdb/connections.py", line 239, in query
    _mysql.connection.query(self, query)
MySQLdb._exceptions.OperationalError: (1054, "Unknown column 'appWeb_servidor.puerto_tty' in 'field list'")

The above exception was the direct cause of the following exception:

Traceback (most recent call last):
  File "/home/aries/.local/lib/python3.8/site-packages/django/core/handlers/exception.py", line 34, in inner
    response = get_response(request)
  File "/home/aries/.local/lib/python3.8/site-packages/django/core/handlers/base.py", line 145, in _get_response
    response = self.process_exception_by_middleware(e, request)
  File "/home/aries/.local/lib/python3.8/site-packages/django/core/handlers/base.py", line 143, in _get_response
    response = response.render()
  File "/home/aries/.local/lib/python3.8/site-packages/django/template/response.py", line 105, in render
    self.content = self.rendered_content
  File "/home/aries/.local/lib/python3.8/site-packages/django/template/response.py", line 83, in rendered_content
    return template.render(context, self._request)
  File "/home/aries/.local/lib/python3.8/site-packages/django/template/backends/django.py", line 61, in render
    return self.template.render(context)
  File "/home/aries/.local/lib/python3.8/site-packages/django/template/base.py", line 171, in render
    return self._render(context)
  File "/home/aries/.local/lib/python3.8/site-packages/django/template/base.py", line 163, in _render
    return self.nodelist.render(context)
  File "/home/aries/.local/lib/python3.8/site-packages/django/template/base.py", line 936, in render
    bit = node.render_annotated(context)
  File "/home/aries/.local/lib/python3.8/site-packages/django/template/base.py", line 903, in render_annotated
    return self.render(context)
  File "/home/aries/.local/lib/python3.8/site-packages/django/template/loader_tags.py", line 150, in render
    return compiled_parent._render(context)
  File "/home/aries/.local/lib/python3.8/site-packages/django/template/base.py", line 163, in _render
    return self.nodelist.render(context)
  File "/home/aries/.local/lib/python3.8/site-packages/django/template/base.py", line 936, in render
    bit = node.render_annotated(context)
  File "/home/aries/.local/lib/python3.8/site-packages/django/template/base.py", line 903, in render_annotated
    return self.render(context)
  File "/home/aries/.local/lib/python3.8/site-packages/django/template/loader_tags.py", line 62, in render
    result = block.nodelist.render(context)
  File "/home/aries/.local/lib/python3.8/site-packages/django/template/base.py", line 936, in render
    bit = node.render_annotated(context)
  File "/home/aries/.local/lib/python3.8/site-packages/django/template/base.py", line 903, in render_annotated
    return self.render(context)
  File "/home/aries/.local/lib/python3.8/site-packages/django/template/defaulttags.py", line 308, in render
    if match:
  File "/home/aries/.local/lib/python3.8/site-packages/django/db/models/query.py", line 280, in __bool__
    self._fetch_all()
  File "/home/aries/.local/lib/python3.8/site-packages/django/db/models/query.py", line 1261, in _fetch_all
    self._result_cache = list(self._iterable_class(self))
  File "/home/aries/.local/lib/python3.8/site-packages/django/db/models/query.py", line 57, in __iter__
    results = compiler.execute_sql(chunked_fetch=self.chunked_fetch, chunk_size=self.chunk_size)
  File "/home/aries/.local/lib/python3.8/site-packages/django/db/models/sql/compiler.py", line 1151, in execute_sql
    cursor.execute(sql, params)
  File "/home/aries/.local/lib/python3.8/site-packages/django/db/backends/utils.py", line 100, in execute
    return super().execute(sql, params)
  File "/home/aries/.local/lib/python3.8/site-packages/django/db/backends/utils.py", line 68, in execute
    return self._execute_with_wrappers(sql, params, many=False, executor=self._execute)
  File "/home/aries/.local/lib/python3.8/site-packages/django/db/backends/utils.py", line 77, in _execute_with_wrappers
    return executor(sql, params, many, context)
  File "/home/aries/.local/lib/python3.8/site-packages/django/db/backends/utils.py", line 86, in _execute
    return self.cursor.execute(sql, params)
  File "/home/aries/.local/lib/python3.8/site-packages/django/db/utils.py", line 90, in __exit__
    raise dj_exc_value.with_traceback(traceback) from exc_value
  File "/home/aries/.local/lib/python3.8/site-packages/django/db/backends/utils.py", line 86, in _execute
    return self.cursor.execute(sql, params)
  File "/home/aries/.local/lib/python3.8/site-packages/django/db/backends/mysql/base.py", line 74, in execute
    return self.cursor.execute(query, args)
  File "/home/aries/.local/lib/python3.8/site-packages/MySQLdb/cursors.py", line 209, in execute
    res = self._query(query)
  File "/home/aries/.local/lib/python3.8/site-packages/MySQLdb/cursors.py", line 315, in _query
    db.query(q)
  File "/home/aries/.local/lib/python3.8/site-packages/MySQLdb/connections.py", line 239, in query
    _mysql.connection.query(self, query)
django.db.utils.OperationalError: (1054, "Unknown column 'appWeb_servidor.puerto_tty' in 'field list'")
2020-06-30 15:30:59,996 Using selector: EpollSelector
2020-06-30 15:31:27,327 Using selector: EpollSelector
2020-06-30 15:32:01,757 Using selector: EpollSelector
2020-06-30 15:32:13,828 Using selector: EpollSelector
2020-06-30 15:32:16,494 Using selector: EpollSelector
2020-06-30 15:34:13,110 Using parameter request.POST to get username with key settings.AXES_USERNAME_FORM_FIELD
2020-06-30 15:34:13,111 AXES: Getting access attempts that are newer than 2020-06-30 14:34:13.040292
2020-06-30 15:34:13,119 login_global: Se ingresó por GET
2020-06-30 15:34:16,786 Using parameter request.POST to get username with key settings.AXES_USERNAME_FORM_FIELD
2020-06-30 15:34:16,788 AXES: Getting access attempts that are newer than 2020-06-30 14:34:16.785922
2020-06-30 15:34:16,810 login_global: Se ingresó por GET
2020-06-30 15:34:29,305 Using parameter request.POST to get username with key settings.AXES_USERNAME_FORM_FIELD
2020-06-30 15:34:29,307 AXES: Getting access attempts that are newer than 2020-06-30 14:34:29.305480
2020-06-30 15:34:29,319 login_global: Se ingresó por POST
2020-06-30 15:34:29,363 Using parameter credentials to get username with key settings.AXES_USERNAME_FORM_FIELD
2020-06-30 15:34:29,364 AXES: Getting access attempts that are newer than 2020-06-30 14:34:29.305480
2020-06-30 15:34:29,988 AXES: Cleaned up 0 expired access attempts from database that were older than 2020-06-30 14:34:29.305480
2020-06-30 15:34:29,988 Using parameter credentials to get username with key settings.AXES_USERNAME_FORM_FIELD
2020-06-30 15:34:29,989 Using parameter credentials to get username with key settings.AXES_USERNAME_FORM_FIELD
2020-06-30 15:34:29,990 AXES: Getting access attempts that are newer than 2020-06-30 14:34:29.305480
2020-06-30 15:34:29,996 AXES: New login failure by {username: "manager", ip_address: "127.0.0.1", user_agent: "Mozilla/5.0 (X11; Linux x86_64; rv:78.0) Gecko/20100101 Firefox/78.0", path_info: "/accounts/login/"}. Creating new record in the database.
2020-06-30 15:34:30,012 login_global: Se termina de utilizar authenticate
2020-06-30 15:34:30,012 login_global: El usuariomanagerno existente
2020-06-30 15:34:41,338 Using selector: EpollSelector
2020-06-30 15:36:58,695 Using selector: EpollSelector
2020-06-30 15:38:08,162 Using parameter request.POST to get username with key settings.AXES_USERNAME_FORM_FIELD
2020-06-30 15:38:08,170 AXES: Getting access attempts that are newer than 2020-06-30 14:38:08.157567
2020-06-30 15:38:08,194 login_global: Se ingresó por POST
2020-06-30 15:38:08,200 Using parameter credentials to get username with key settings.AXES_USERNAME_FORM_FIELD
2020-06-30 15:38:08,202 AXES: Getting access attempts that are newer than 2020-06-30 14:38:08.157567
2020-06-30 15:38:08,818 AXES: Cleaned up 0 expired access attempts from database that were older than 2020-06-30 14:38:08.157567
2020-06-30 15:38:08,819 Using parameter credentials to get username with key settings.AXES_USERNAME_FORM_FIELD
2020-06-30 15:38:08,819 Using parameter credentials to get username with key settings.AXES_USERNAME_FORM_FIELD
2020-06-30 15:38:08,820 AXES: Getting access attempts that are newer than 2020-06-30 14:38:08.157567
2020-06-30 15:38:08,824 AXES: New login failure by {username: "manger", ip_address: "127.0.0.1", user_agent: "Mozilla/5.0 (X11; Linux x86_64; rv:78.0) Gecko/20100101 Firefox/78.0", path_info: "/accounts/login/"}. Creating new record in the database.
2020-06-30 15:38:08,837 login_global: Se termina de utilizar authenticate
2020-06-30 15:38:08,837 login_global: El usuariomangerno existente
2020-06-30 15:38:27,784 Using parameter request.POST to get username with key settings.AXES_USERNAME_FORM_FIELD
2020-06-30 15:38:27,785 AXES: Getting access attempts that are newer than 2020-06-30 14:38:27.783892
2020-06-30 15:38:27,793 login_global: Se ingresó por POST
2020-06-30 15:38:27,794 Using parameter credentials to get username with key settings.AXES_USERNAME_FORM_FIELD
2020-06-30 15:38:27,795 AXES: Getting access attempts that are newer than 2020-06-30 14:38:27.783892
2020-06-30 15:38:28,500 login_global: Se termina de utilizar authenticate
2020-06-30 15:38:28,954 Internal Server Error: /accounts/login/
Traceback (most recent call last):
  File "/home/aries/PycharmProjects/ProgramacionSegura/adminServer/appWeb/views.py", line 174, in login_global
    gtoken = Tglobal.objects.get(user=user.id)
  File "/home/aries/.local/lib/python3.8/site-packages/django/db/models/manager.py", line 82, in manager_method
    return getattr(self.get_queryset(), name)(*args, **kwargs)
  File "/home/aries/.local/lib/python3.8/site-packages/django/db/models/query.py", line 415, in get
    raise self.model.DoesNotExist(
appWeb.models.Tglobal.DoesNotExist: Tglobal matching query does not exist.

During handling of the above exception, another exception occurred:

Traceback (most recent call last):
  File "/home/aries/.local/lib/python3.8/site-packages/django/core/handlers/exception.py", line 34, in inner
    response = get_response(request)
  File "/home/aries/.local/lib/python3.8/site-packages/django/core/handlers/base.py", line 115, in _get_response
    response = self.process_exception_by_middleware(e, request)
  File "/home/aries/.local/lib/python3.8/site-packages/django/core/handlers/base.py", line 113, in _get_response
    response = wrapped_callback(request, *callback_args, **callback_kwargs)
  File "/home/aries/.local/lib/python3.8/site-packages/axes/decorators.py", line 10, in inner
    return func(request, *args, **kwargs)
  File "/home/aries/PycharmProjects/ProgramacionSegura/adminServer/appWeb/decoradores.py", line 42, in interna
    return vista(request)
  File "/home/aries/PycharmProjects/ProgramacionSegura/adminServer/appWeb/decoradores.py", line 54, in interna
    return vista(request)
  File "/home/aries/PycharmProjects/ProgramacionSegura/adminServer/appWeb/views.py", line 182, in login_global
    logging.error('login_global: ' + error)
TypeError: can only concatenate str (not "DoesNotExist") to str
2020-06-30 15:42:11,580 Using parameter request.POST to get username with key settings.AXES_USERNAME_FORM_FIELD
2020-06-30 15:42:11,581 AXES: Getting access attempts that are newer than 2020-06-30 14:42:11.580122
2020-06-30 15:42:11,597 login_global: Se ingresó por POST
2020-06-30 15:42:11,598 Using parameter credentials to get username with key settings.AXES_USERNAME_FORM_FIELD
2020-06-30 15:42:11,599 AXES: Getting access attempts that are newer than 2020-06-30 14:42:11.580122
2020-06-30 15:42:12,178 login_global: Se termina de utilizar authenticate
2020-06-30 15:42:12,192 login_global: Se guarda token en base de datos.
2020-06-30 15:42:12,212 AXES: Cleaned up 0 expired access attempts from database that were older than 2020-06-30 14:42:11.580122
2020-06-30 15:42:12,213 AXES: Successful login by {username: "manager", ip_address: "127.0.0.1", user_agent: "Mozilla/5.0 (X11; Linux x86_64; rv:78.0) Gecko/20100101 Firefox/78.0", path_info: "/accounts/login/"}.
2020-06-30 15:42:14,863 Not Found: /favicon.ico
2020-06-30 15:46:31,044 Not Found: /favicon.ico
2020-06-30 16:02:18,621 Not Found: /favicon.ico
2020-06-30 16:04:55,640 Using parameter request.POST to get username with key settings.AXES_USERNAME_FORM_FIELD
2020-06-30 16:04:55,643 AXES: Getting access attempts that are newer than 2020-06-30 15:04:55.640336
2020-06-30 16:04:55,652 login: Se hace petición por el método: GET
2020-06-30 16:05:02,549 Using parameter request.POST to get username with key settings.AXES_USERNAME_FORM_FIELD
2020-06-30 16:05:02,550 AXES: Getting access attempts that are newer than 2020-06-30 15:05:02.549509
2020-06-30 16:05:02,561 login_global: Se ingresó por GET
2020-06-30 16:05:13,077 Using parameter request.POST to get username with key settings.AXES_USERNAME_FORM_FIELD
2020-06-30 16:05:13,078 AXES: Getting access attempts that are newer than 2020-06-30 15:05:13.077013
2020-06-30 16:05:13,086 login: Se hace petición por el método: GET
2020-06-30 16:05:35,732 Using parameter request.POST to get username with key settings.AXES_USERNAME_FORM_FIELD
2020-06-30 16:05:35,734 AXES: Getting access attempts that are newer than 2020-06-30 15:05:35.732651
2020-06-30 16:05:35,746 login: Se hace petición por el método: POST
2020-06-30 16:05:35,748 Using parameter credentials to get username with key settings.AXES_USERNAME_FORM_FIELD
2020-06-30 16:05:35,749 AXES: Getting access attempts that are newer than 2020-06-30 15:05:35.732651
2020-06-30 16:05:37,039 login: Se termina de autenticar el usuario
2020-06-30 16:05:37,040 login: Se genera el token
2020-06-30 16:05:37,167 Starting new HTTPS connection (1): api.telegram.org:443
2020-06-30 16:05:38,222 https://api.telegram.org:443 "GET /bot1223842209:AAFeSFdD7as7v8ziRJwmKpH95W0rr48o81w/sendMessage?chat_id=-1001480803961&parse_mode=Markdown&text=ncntsylbdpuq HTTP/1.1" 400 73
2020-06-30 16:05:38,226 login: Se envia el token: ncntsylbdpuq
2020-06-30 16:05:38,237 login: Se guarda el token en el usuario
2020-06-30 16:05:38,272 solicitar_token: Se hace petición por el método: GET
2020-06-30 16:06:20,181 solicitar_token: Se hace petición por el método: POST
2020-06-30 16:06:20,222 solicitar_token: Se limpia el token al usuario: eren
2020-06-30 16:06:20,270 servidores: Se intento una petición por el método: GET
2020-06-30 16:06:25,571 monitoreo: Se intento una petición por el método: GET
2020-06-30 16:06:25,589 monitoreo: url del servidor a monitorear: http://127.0.0.1:8000
2020-06-30 16:06:25,589 monitoreo: Datos a consultar: {'username': 'prueba1', 'password': '07gjkZNUI0ZuX4koGaCBCtjLskhOesiTUdIFxfJ4bTA=ps/8OOE='}
2020-06-30 16:06:25,595 Starting new HTTP connection (1): 127.0.0.1:8000
2020-06-30 16:06:26,349 http://127.0.0.1:8000 "POST /authenticacion/ HTTP/1.1" 200 52
2020-06-30 16:06:26,350 monitoreo: Resultado de solicitud: {"token":"4818de23d987ab9d90625874e0ea48df957d77a0"}
2020-06-30 16:06:26,356 Starting new HTTP connection (1): 127.0.0.1:8000
2020-06-30 16:06:27,383 http://127.0.0.1:8000 "GET /datos_monitor/ HTTP/1.1" 200 60
2020-06-30 16:06:27,384 monitoreo: Resultado de datos de monitor: "{\"cpu\":\"32.1\",\"memoria\":\"84.8\",\"disco\":\"10.8\"}"
2020-06-30 16:06:27,384 monitoreo: Datos del servidor: "{\"cpu\":\"32.1\",\"memoria\":\"84.8\",\"disco\":\"10.8\"}"
2020-06-30 16:06:37,795 monitoreo: Se intento una petición por el método: GET
2020-06-30 16:06:37,810 monitoreo: url del servidor a monitorear: http://127.0.0.1:8000
2020-06-30 16:06:37,811 monitoreo: Datos a consultar: {'username': 'prueba1', 'password': '07gjkZNUI0ZuX4koGaCBCtjLskhOesiTUdIFxfJ4bTA=ps/8OOE='}
2020-06-30 16:06:37,818 Starting new HTTP connection (1): 127.0.0.1:8000
2020-06-30 16:06:38,541 http://127.0.0.1:8000 "POST /authenticacion/ HTTP/1.1" 200 52
2020-06-30 16:06:38,543 monitoreo: Resultado de solicitud: {"token":"4818de23d987ab9d90625874e0ea48df957d77a0"}
2020-06-30 16:06:38,550 Starting new HTTP connection (1): 127.0.0.1:8000
2020-06-30 16:06:39,575 http://127.0.0.1:8000 "GET /datos_monitor/ HTTP/1.1" 200 60
2020-06-30 16:06:39,578 monitoreo: Resultado de datos de monitor: "{\"cpu\":\"32.0\",\"memoria\":\"84.8\",\"disco\":\"10.8\"}"
2020-06-30 16:06:39,578 monitoreo: Datos del servidor: "{\"cpu\":\"32.0\",\"memoria\":\"84.8\",\"disco\":\"10.8\"}"
2020-06-30 16:06:40,649 monitoreo: Se intento una petición por el método: GET
2020-06-30 16:06:40,692 monitoreo: url del servidor a monitorear: http://127.0.0.1:8000
2020-06-30 16:06:40,692 monitoreo: Datos a consultar: {'username': 'prueba1', 'password': '07gjkZNUI0ZuX4koGaCBCtjLskhOesiTUdIFxfJ4bTA=ps/8OOE='}
2020-06-30 16:06:40,703 Starting new HTTP connection (1): 127.0.0.1:8000
2020-06-30 16:06:41,372 http://127.0.0.1:8000 "POST /authenticacion/ HTTP/1.1" 200 52
2020-06-30 16:06:41,373 monitoreo: Resultado de solicitud: {"token":"4818de23d987ab9d90625874e0ea48df957d77a0"}
2020-06-30 16:06:41,379 Starting new HTTP connection (1): 127.0.0.1:8000
2020-06-30 16:06:42,401 http://127.0.0.1:8000 "GET /datos_monitor/ HTTP/1.1" 200 60
2020-06-30 16:06:42,403 monitoreo: Resultado de datos de monitor: "{\"cpu\":\"38.3\",\"memoria\":\"84.9\",\"disco\":\"10.8\"}"
2020-06-30 16:06:42,404 monitoreo: Datos del servidor: "{\"cpu\":\"38.3\",\"memoria\":\"84.9\",\"disco\":\"10.8\"}"
2020-06-30 16:06:47,248 monitoreo: Se intento una petición por el método: GET
2020-06-30 16:06:47,275 monitoreo: url del servidor a monitorear: http://127.0.0.1:8000
2020-06-30 16:06:47,275 monitoreo: Datos a consultar: {'username': 'prueba1', 'password': '07gjkZNUI0ZuX4koGaCBCtjLskhOesiTUdIFxfJ4bTA=ps/8OOE='}
2020-06-30 16:06:47,288 Starting new HTTP connection (1): 127.0.0.1:8000
2020-06-30 16:06:47,929 http://127.0.0.1:8000 "POST /authenticacion/ HTTP/1.1" 200 52
2020-06-30 16:06:47,932 monitoreo: Resultado de solicitud: {"token":"4818de23d987ab9d90625874e0ea48df957d77a0"}
2020-06-30 16:06:47,936 Starting new HTTP connection (1): 127.0.0.1:8000
2020-06-30 16:06:48,959 http://127.0.0.1:8000 "GET /datos_monitor/ HTTP/1.1" 200 60
2020-06-30 16:06:48,961 monitoreo: Resultado de datos de monitor: "{\"cpu\":\"28.6\",\"memoria\":\"84.9\",\"disco\":\"10.8\"}"
2020-06-30 16:06:48,962 monitoreo: Datos del servidor: "{\"cpu\":\"28.6\",\"memoria\":\"84.9\",\"disco\":\"10.8\"}"
2020-06-30 16:06:56,267 monitoreo: Se intento una petición por el método: GET
2020-06-30 16:06:56,287 monitoreo: url del servidor a monitorear: http://127.0.0.1:8000
2020-06-30 16:06:56,287 monitoreo: Datos a consultar: {'username': 'prueba1', 'password': '07gjkZNUI0ZuX4koGaCBCtjLskhOesiTUdIFxfJ4bTA=ps/8OOE='}
2020-06-30 16:06:56,293 Starting new HTTP connection (1): 127.0.0.1:8000
2020-06-30 16:06:57,093 http://127.0.0.1:8000 "POST /authenticacion/ HTTP/1.1" 200 52
2020-06-30 16:06:57,096 monitoreo: Resultado de solicitud: {"token":"4818de23d987ab9d90625874e0ea48df957d77a0"}
2020-06-30 16:06:57,103 Starting new HTTP connection (1): 127.0.0.1:8000
2020-06-30 16:06:58,134 http://127.0.0.1:8000 "GET /datos_monitor/ HTTP/1.1" 200 60
2020-06-30 16:06:58,136 monitoreo: Resultado de datos de monitor: "{\"cpu\":\"25.6\",\"memoria\":\"85.0\",\"disco\":\"10.8\"}"
2020-06-30 16:06:58,138 monitoreo: Datos del servidor: "{\"cpu\":\"25.6\",\"memoria\":\"85.0\",\"disco\":\"10.8\"}"
2020-06-30 16:07:07,389 servidores: Se intento una petición por el método: GET
2020-06-30 16:08:44,113 Using parameter request.POST to get username with key settings.AXES_USERNAME_FORM_FIELD
2020-06-30 16:08:44,114 AXES: Getting access attempts that are newer than 2020-06-30 15:08:44.113249
2020-06-30 16:08:44,195 servidores: Se intento una petición por el método: GET
2020-06-30 16:09:27,359 Using parameter request.POST to get username with key settings.AXES_USERNAME_FORM_FIELD
2020-06-30 16:09:27,361 AXES: Getting access attempts that are newer than 2020-06-30 15:09:27.359635
2020-06-30 16:09:27,502 servidores: Se intento una petición por el método: GET
2020-06-30 16:09:44,437 logout: Se intento una petición por el método: GET
2020-06-30 16:09:44,508 Using parameter request.POST to get username with key settings.AXES_USERNAME_FORM_FIELD
2020-06-30 16:09:44,509 AXES: Getting access attempts that are newer than 2020-06-30 15:09:44.508313
2020-06-30 16:09:44,519 login: Se hace petición por el método: GET
2020-06-30 16:09:47,820 Using parameter request.POST to get username with key settings.AXES_USERNAME_FORM_FIELD
2020-06-30 16:09:47,822 AXES: Getting access attempts that are newer than 2020-06-30 15:09:47.820670
2020-06-30 16:09:47,829 login_global: Se ingresó por GET
2020-06-30 16:10:11,375 Using parameter request.POST to get username with key settings.AXES_USERNAME_FORM_FIELD
2020-06-30 16:10:11,379 AXES: Getting access attempts that are newer than 2020-06-30 15:10:11.375585
2020-06-30 16:10:11,395 login_global: Se ingresó por POST
2020-06-30 16:10:11,396 Using parameter credentials to get username with key settings.AXES_USERNAME_FORM_FIELD
2020-06-30 16:10:11,397 AXES: Getting access attempts that are newer than 2020-06-30 15:10:11.375585
2020-06-30 16:10:12,050 login_global: Se termina de utilizar authenticate
2020-06-30 16:10:12,138 login_global: Se guarda token en base de datos.
2020-06-30 16:10:12,211 AXES: Cleaned up 0 expired access attempts from database that were older than 2020-06-30 15:10:11.375585
2020-06-30 16:10:12,212 AXES: Successful login by {username: "manager", ip_address: "127.0.0.1", user_agent: "Mozilla/5.0 (X11; Linux x86_64; rv:78.0) Gecko/20100101 Firefox/78.0", path_info: "/accounts/login/"}.
2020-06-30 16:11:41,445 Using selector: EpollSelector
2020-06-30 20:19:53,702 Using parameter request.POST to get username with key settings.AXES_USERNAME_FORM_FIELD
2020-06-30 20:19:53,715 AXES: Getting access attempts that are newer than 2020-06-30 19:19:53.680032
2020-06-30 20:19:53,760 login: Se hace petición por el método: GET
2020-06-30 20:20:17,112 Using parameter request.POST to get username with key settings.AXES_USERNAME_FORM_FIELD
2020-06-30 20:20:17,113 AXES: Getting access attempts that are newer than 2020-06-30 19:20:17.111814
2020-06-30 20:20:17,127 login: Se hace petición por el método: POST
2020-06-30 20:20:17,165 Using parameter credentials to get username with key settings.AXES_USERNAME_FORM_FIELD
2020-06-30 20:20:17,166 AXES: Getting access attempts that are newer than 2020-06-30 19:20:17.111814
2020-06-30 20:20:18,027 login: Se termina de autenticar el usuario
2020-06-30 20:20:18,028 login: Se genera el token
2020-06-30 20:20:18,086 Starting new HTTPS connection (1): api.telegram.org:443
2020-06-30 20:22:28,536 https://api.telegram.org:443 "GET /bot1223842209:AAFeSFdD7as7v8ziRJwmKpH95W0rr48o81w/sendMessage?chat_id=-1001441327218&parse_mode=Markdown&text=yeuidivbsonr HTTP/1.1" 200 262
2020-06-30 20:22:28,542 login: Se envia el token: yeuidivbsonr
2020-06-30 20:22:28,906 login: Se guarda el token en el usuario
2020-06-30 20:22:29,046 solicitar_token: Se hace petición por el método: GET
2020-06-30 20:23:16,156 solicitar_token: Se hace petición por el método: POST
2020-06-30 20:23:16,221 solicitar_token: Se limpia el token al usuario: miguel
2020-06-30 20:23:16,377 servidores: Se intento una petición por el método: GET
2020-06-30 20:23:23,676 monitoreo: Se intento una petición por el método: GET
2020-06-30 20:23:23,703 monitoreo: url del servidor a monitorear: http://127.0.0.1:8000
2020-06-30 20:23:23,704 monitoreo: Datos a consultar: {'username': 'usr_api', 'password': 'wmfFkiXLbzxmh1Qne57sJrlPkJV+7d9JoL/U8PU7Gsw=TzqkPxU='}
2020-06-30 20:23:23,714 Starting new HTTP connection (1): 127.0.0.1:8000
2020-06-30 20:23:24,249 http://127.0.0.1:8000 "POST /authenticacion/ HTTP/1.1" 200 52
2020-06-30 20:23:24,252 monitoreo: Resultado de solicitud: {"token":"d5249487136d48899a9f338e1b6ccfe7c42ac83a"}
2020-06-30 20:23:24,258 Starting new HTTP connection (1): 127.0.0.1:8000
2020-06-30 20:23:25,289 http://127.0.0.1:8000 "GET /datos_monitor/ HTTP/1.1" 200 60
2020-06-30 20:23:25,293 monitoreo: Resultado de datos de monitor: "{\"cpu\":\"99.2\",\"memoria\":\"89.7\",\"disco\":\"60.5\"}"
2020-06-30 20:23:25,294 monitoreo: Datos del servidor: "{\"cpu\":\"99.2\",\"memoria\":\"89.7\",\"disco\":\"60.5\"}"
2020-06-30 20:23:36,945 monitoreo: Se intento una petición por el método: GET
2020-06-30 20:23:36,966 monitoreo: url del servidor a monitorear: http://127.0.0.1:8000
2020-06-30 20:23:36,966 monitoreo: Datos a consultar: {'username': 'usr_api', 'password': 'wmfFkiXLbzxmh1Qne57sJrlPkJV+7d9JoL/U8PU7Gsw=TzqkPxU='}
2020-06-30 20:23:36,975 Starting new HTTP connection (1): 127.0.0.1:8000
2020-06-30 20:23:37,424 http://127.0.0.1:8000 "POST /authenticacion/ HTTP/1.1" 200 52
2020-06-30 20:23:37,429 monitoreo: Resultado de solicitud: {"token":"d5249487136d48899a9f338e1b6ccfe7c42ac83a"}
2020-06-30 20:23:37,435 Starting new HTTP connection (1): 127.0.0.1:8000
2020-06-30 20:23:38,455 http://127.0.0.1:8000 "GET /datos_monitor/ HTTP/1.1" 200 60
2020-06-30 20:23:38,458 monitoreo: Resultado de datos de monitor: "{\"cpu\":\"73.4\",\"memoria\":\"89.6\",\"disco\":\"60.5\"}"
2020-06-30 20:23:38,459 monitoreo: Datos del servidor: "{\"cpu\":\"73.4\",\"memoria\":\"89.6\",\"disco\":\"60.5\"}"
2020-06-30 20:23:41,796 monitoreo: Se intento una petición por el método: GET
2020-06-30 20:23:41,818 monitoreo: url del servidor a monitorear: http://127.0.0.1:8000
2020-06-30 20:23:41,819 monitoreo: Datos a consultar: {'username': 'usr_api', 'password': 'wmfFkiXLbzxmh1Qne57sJrlPkJV+7d9JoL/U8PU7Gsw=TzqkPxU='}
2020-06-30 20:23:41,828 Starting new HTTP connection (1): 127.0.0.1:8000
2020-06-30 20:23:42,281 http://127.0.0.1:8000 "POST /authenticacion/ HTTP/1.1" 200 52
2020-06-30 20:23:42,284 monitoreo: Resultado de solicitud: {"token":"d5249487136d48899a9f338e1b6ccfe7c42ac83a"}
2020-06-30 20:23:42,289 Starting new HTTP connection (1): 127.0.0.1:8000
2020-06-30 20:23:43,308 http://127.0.0.1:8000 "GET /datos_monitor/ HTTP/1.1" 200 60
2020-06-30 20:23:43,309 monitoreo: Resultado de datos de monitor: "{\"cpu\":\"66.1\",\"memoria\":\"89.9\",\"disco\":\"60.5\"}"
2020-06-30 20:23:43,310 monitoreo: Datos del servidor: "{\"cpu\":\"66.1\",\"memoria\":\"89.9\",\"disco\":\"60.5\"}"
2020-06-30 20:23:45,781 monitoreo: Se intento una petición por el método: GET
2020-06-30 20:23:45,803 monitoreo: url del servidor a monitorear: http://127.0.0.1:8000
2020-06-30 20:23:45,804 monitoreo: Datos a consultar: {'username': 'usr_api', 'password': 'wmfFkiXLbzxmh1Qne57sJrlPkJV+7d9JoL/U8PU7Gsw=TzqkPxU='}
2020-06-30 20:23:45,811 Starting new HTTP connection (1): 127.0.0.1:8000
2020-06-30 20:23:46,231 http://127.0.0.1:8000 "POST /authenticacion/ HTTP/1.1" 200 52
2020-06-30 20:23:46,233 monitoreo: Resultado de solicitud: {"token":"d5249487136d48899a9f338e1b6ccfe7c42ac83a"}
2020-06-30 20:23:46,239 Starting new HTTP connection (1): 127.0.0.1:8000
2020-06-30 20:23:47,264 http://127.0.0.1:8000 "GET /datos_monitor/ HTTP/1.1" 200 60
2020-06-30 20:23:47,266 monitoreo: Resultado de datos de monitor: "{\"cpu\":\"75.7\",\"memoria\":\"89.8\",\"disco\":\"60.5\"}"
2020-06-30 20:23:47,268 monitoreo: Datos del servidor: "{\"cpu\":\"75.7\",\"memoria\":\"89.8\",\"disco\":\"60.5\"}"
2020-06-30 20:23:50,357 monitoreo: Se intento una petición por el método: GET
2020-06-30 20:23:50,375 monitoreo: url del servidor a monitorear: http://127.0.0.1:8000
2020-06-30 20:23:50,375 monitoreo: Datos a consultar: {'username': 'usr_api', 'password': 'wmfFkiXLbzxmh1Qne57sJrlPkJV+7d9JoL/U8PU7Gsw=TzqkPxU='}
2020-06-30 20:23:50,382 Starting new HTTP connection (1): 127.0.0.1:8000
2020-06-30 20:23:50,838 http://127.0.0.1:8000 "POST /authenticacion/ HTTP/1.1" 200 52
2020-06-30 20:23:50,840 monitoreo: Resultado de solicitud: {"token":"d5249487136d48899a9f338e1b6ccfe7c42ac83a"}
2020-06-30 20:23:50,846 Starting new HTTP connection (1): 127.0.0.1:8000
2020-06-30 20:23:51,873 http://127.0.0.1:8000 "GET /datos_monitor/ HTTP/1.1" 200 60
2020-06-30 20:23:51,876 monitoreo: Resultado de datos de monitor: "{\"cpu\":\"71.5\",\"memoria\":\"90.0\",\"disco\":\"60.5\"}"
2020-06-30 20:23:51,877 monitoreo: Datos del servidor: "{\"cpu\":\"71.5\",\"memoria\":\"90.0\",\"disco\":\"60.5\"}"
2020-06-30 20:23:54,676 monitoreo: Se intento una petición por el método: GET
2020-06-30 20:23:54,695 monitoreo: url del servidor a monitorear: http://127.0.0.1:8000
2020-06-30 20:23:54,696 monitoreo: Datos a consultar: {'username': 'usr_api', 'password': 'wmfFkiXLbzxmh1Qne57sJrlPkJV+7d9JoL/U8PU7Gsw=TzqkPxU='}
2020-06-30 20:23:54,705 Starting new HTTP connection (1): 127.0.0.1:8000
2020-06-30 20:23:55,147 http://127.0.0.1:8000 "POST /authenticacion/ HTTP/1.1" 200 52
2020-06-30 20:23:55,149 monitoreo: Resultado de solicitud: {"token":"d5249487136d48899a9f338e1b6ccfe7c42ac83a"}
2020-06-30 20:23:55,154 Starting new HTTP connection (1): 127.0.0.1:8000
2020-06-30 20:23:55,171 http://127.0.0.1:8000 "GET /datos_monitor/ HTTP/1.1" 429 69
2020-06-30 20:23:55,173 monitoreo: Resultado de datos de monitor: {"detail":"Request was throttled. Expected available in 30 seconds."}
2020-06-30 20:23:55,174 monitoreo: Error al tomar información de el servidor.
2020-06-30 20:24:02,607 servidores: Se intento una petición por el método: GET
2020-06-30 20:27:36,856 logout: Se intento una petición por el método: GET
2020-06-30 20:27:36,992 Using parameter request.POST to get username with key settings.AXES_USERNAME_FORM_FIELD
2020-06-30 20:27:36,994 AXES: Getting access attempts that are newer than 2020-06-30 19:27:36.992609
2020-06-30 20:27:37,001 login: Se hace petición por el método: GET
2020-06-30 20:28:16,384 Using parameter request.POST to get username with key settings.AXES_USERNAME_FORM_FIELD
2020-06-30 20:28:16,386 AXES: Getting access attempts that are newer than 2020-06-30 19:28:16.384722
2020-06-30 20:28:16,397 login: Se hace petición por el método: POST
2020-06-30 20:28:16,399 Using parameter credentials to get username with key settings.AXES_USERNAME_FORM_FIELD
2020-06-30 20:28:16,400 AXES: Getting access attempts that are newer than 2020-06-30 19:28:16.384722
2020-06-30 20:28:17,227 login: Se termina de autenticar el usuario
2020-06-30 20:28:17,228 login: Se genera el token
2020-06-30 20:28:17,236 Starting new HTTPS connection (1): api.telegram.org:443
2020-06-30 20:30:28,094 https://api.telegram.org:443 "GET /bot1223842209:AAFeSFdD7as7v8ziRJwmKpH95W0rr48o81w/sendMessage?chat_id=-1001441327218&parse_mode=Markdown&text=hlyakgosvytl HTTP/1.1" 200 262
2020-06-30 20:30:28,096 login: Se envia el token: hlyakgosvytl
2020-06-30 20:30:28,161 login: Se guarda el token en el usuario
2020-06-30 20:30:28,288 solicitar_token: Se hace petición por el método: GET
2020-06-30 20:30:56,075 solicitar_token: Se hace petición por el método: POST
2020-06-30 20:30:56,137 solicitar_token: Se limpia el token al usuario: miguel
2020-06-30 20:30:56,232 servidores: Se intento una petición por el método: GET
2020-06-30 20:34:35,055 logout: Se intento una petición por el método: GET
2020-06-30 20:34:35,193 Using parameter request.POST to get username with key settings.AXES_USERNAME_FORM_FIELD
2020-06-30 20:34:35,194 AXES: Getting access attempts that are newer than 2020-06-30 19:34:35.192870
2020-06-30 20:34:35,206 login: Se hace petición por el método: GET
2020-06-30 20:50:02,995 Using parameter request.POST to get username with key settings.AXES_USERNAME_FORM_FIELD
2020-06-30 20:50:02,996 AXES: Getting access attempts that are newer than 2020-06-30 19:50:02.962498
2020-06-30 20:50:06,936 Not Found: /favicon.ico
2020-06-30 20:50:47,568 logoutAdmin: Se intento una petición por el método: GET
2020-06-30 20:50:47,656 AXES: Cleaned up 2 expired access attempts from database that were older than 2020-06-30 19:50:47.568547
2020-06-30 20:50:47,657 AXES: Successful logout by {username: "manager", ip_address: "127.0.0.1", user_agent: "Mozilla/5.0 (X11; Linux x86_64; rv:78.0) Gecko/20100101 Firefox/78.0", path_info: "/global/logout/"}.
2020-06-30 20:50:47,813 Using parameter request.POST to get username with key settings.AXES_USERNAME_FORM_FIELD
2020-06-30 20:50:47,814 AXES: Getting access attempts that are newer than 2020-06-30 19:50:47.813236
2020-06-30 20:50:47,839 login_global: Se ingresó por GET
2020-06-30 20:50:54,151 Using parameter request.POST to get username with key settings.AXES_USERNAME_FORM_FIELD
2020-06-30 20:50:54,152 AXES: Getting access attempts that are newer than 2020-06-30 19:50:54.150555
2020-06-30 20:50:54,163 login: Se hace petición por el método: GET
2020-06-30 20:51:18,349 Using parameter request.POST to get username with key settings.AXES_USERNAME_FORM_FIELD
2020-06-30 20:51:18,350 AXES: Getting access attempts that are newer than 2020-06-30 19:51:18.348564
2020-06-30 20:51:18,365 login: Se hace petición por el método: POST
2020-06-30 20:51:18,385 Using parameter credentials to get username with key settings.AXES_USERNAME_FORM_FIELD
2020-06-30 20:51:18,386 AXES: Getting access attempts that are newer than 2020-06-30 19:51:18.348564
2020-06-30 20:51:19,627 login: Se termina de autenticar el usuario
2020-06-30 20:51:19,627 login: Se genera el token
2020-06-30 20:51:19,685 Starting new HTTPS connection (1): api.telegram.org:443
2020-06-30 20:51:20,461 https://api.telegram.org:443 "GET /bot1223842209:AAFeSFdD7as7v8ziRJwmKpH95W0rr48o81w/sendMessage?chat_id=-1001480803961&parse_mode=Markdown&text=ojheivfpnxwc HTTP/1.1" 400 73
2020-06-30 20:51:20,464 login: Se envia el token: ojheivfpnxwc
2020-06-30 20:51:20,474 login: Se guarda el token en el usuario
2020-06-30 20:51:20,515 solicitar_token: Se hace petición por el método: GET
2020-06-30 20:52:17,418 solicitar_token: Se hace petición por el método: POST
2020-06-30 20:52:17,519 solicitar_token: Se limpia el token al usuario: eren
2020-06-30 20:52:17,567 servidores: Se intento una petición por el método: GET
2020-06-30 20:52:22,512 monitoreo: Se intento una petición por el método: GET
2020-06-30 20:52:22,561 monitoreo: url del servidor a monitorear: http://127.0.0.1:8000
2020-06-30 20:52:22,561 monitoreo: Datos a consultar: {'username': 'prueba1', 'password': '07gjkZNUI0ZuX4koGaCBCtjLskhOesiTUdIFxfJ4bTA=ps/8OOE='}
2020-06-30 20:52:22,596 Starting new HTTP connection (1): 127.0.0.1:8000
2020-06-30 20:52:22,601 monitoreo: Error al autenticar el servidor.
