
2020-06-30 00:14:07,075 Using parameter request.POST to get username with key settings.AXES_USERNAME_FORM_FIELD
2020-06-30 00:14:07,076 AXES: Getting access attempts that are newer than 2020-06-29 23:14:07.074592
2020-06-30 00:14:07,082 login: Se hace petición por el método: POST
2020-06-30 00:14:07,084 Using parameter credentials to get username with key settings.AXES_USERNAME_FORM_FIELD
2020-06-30 00:14:07,085 AXES: Getting access attempts that are newer than 2020-06-29 23:14:07.074592
2020-06-30 00:14:07,510 login: Se termina de autenticar el usuario
2020-06-30 00:14:07,510 login: Se genera el token
2020-06-30 00:14:07,514 Starting new HTTPS connection (1): api.telegram.org
2020-06-30 00:14:08,210 https://api.telegram.org:443 "GET /bot1223842209:AAFeSFdD7as7v8ziRJwmKpH95W0rr48o81w/sendMessage?chat_id=-1001441327218&parse_mode=Markdown&text=oayymnortlrl HTTP/1.1" 200 262
2020-06-30 00:14:08,214 login: Se envia el token: oayymnortlrl
2020-06-30 00:14:08,257 login: Se guarda el token en el usuario
2020-06-30 00:14:08,318 solicitar_token: Se hace petición por el método: GET
2020-06-30 00:14:22,905 Using parameter request.POST to get username with key settings.AXES_USERNAME_FORM_FIELD
2020-06-30 00:14:22,906 AXES: Getting access attempts that are newer than 2020-06-29 23:14:22.905511
2020-06-30 00:14:22,914 login: Se hace petición por el método: GET
2020-06-30 00:15:34,505 /home/jbarradas/PROGRAMAS/GIT3/adminServer/appWeb/views.py changed, reloading.
2020-06-30 00:16:00,391 /home/jbarradas/PROGRAMAS/GIT3/adminServer/appWeb/views.py changed, reloading.
2020-06-30 00:16:05,538 Using parameter request.POST to get username with key settings.AXES_USERNAME_FORM_FIELD
2020-06-30 00:16:05,541 AXES: Getting access attempts that are newer than 2020-06-29 23:16:05.514643
2020-06-30 00:16:05,551 login: Se hace petición por el método: POST
2020-06-30 00:16:05,561 Using parameter credentials to get username with key settings.AXES_USERNAME_FORM_FIELD
2020-06-30 00:16:05,561 AXES: Getting access attempts that are newer than 2020-06-29 23:16:05.514643
2020-06-30 00:16:06,051 login: Se termina de autenticar el usuario
2020-06-30 00:16:06,051 login: Se genera el token
2020-06-30 00:16:06,091 Starting new HTTPS connection (1): api.telegram.org
2020-06-30 00:16:06,837 https://api.telegram.org:443 "GET /bot1223842209:AAFeSFdD7as7v8ziRJwmKpH95W0rr48o81w/sendMessage?chat_id=-1001441327218&parse_mode=Markdown&text=msemtcnpqbuj HTTP/1.1" 200 262
2020-06-30 00:16:06,841 login: Se envia el token: msemtcnpqbuj
2020-06-30 00:16:06,888 login: Se guarda el token en el usuario
2020-06-30 00:16:06,960 solicitar_token: Se hace petición por el método: GET
2020-06-30 00:16:19,087 solicitar_token: Se hace petición por el método: POST
2020-06-30 00:16:19,137 solicitar_token: Se limpia el token al usuario: tony
2020-06-30 00:16:19,294 servidores: Se intento una petición por el método: GET
2020-06-30 00:16:19,315 servidores: Ocurrio un error al cargar datos. Usr: tony
2020-06-30 00:16:19,818 Internal Server Error: /servidores/
Traceback (most recent call last):
  File "/home/jbarradas/.local/lib/python3.6/site-packages/django/template/base.py", line 469, in parse
    compile_func = self.tags[command]
KeyError: 'endblock'

During handling of the above exception, another exception occurred:

Traceback (most recent call last):
  File "/home/jbarradas/PROGRAMAS/GIT3/adminServer/appWeb/views.py", line 92, in servidores
    return render(request, "servidores.html",contexto)
  File "/home/jbarradas/.local/lib/python3.6/site-packages/django/shortcuts.py", line 19, in render
    content = loader.render_to_string(template_name, context, request, using=using)
  File "/home/jbarradas/.local/lib/python3.6/site-packages/django/template/loader.py", line 61, in render_to_string
    template = get_template(template_name, using=using)
  File "/home/jbarradas/.local/lib/python3.6/site-packages/django/template/loader.py", line 15, in get_template
    return engine.get_template(template_name)
  File "/home/jbarradas/.local/lib/python3.6/site-packages/django/template/backends/django.py", line 34, in get_template
    return Template(self.engine.get_template(template_name), self)
  File "/home/jbarradas/.local/lib/python3.6/site-packages/django/template/engine.py", line 143, in get_template
    template, origin = self.find_template(template_name)
  File "/home/jbarradas/.local/lib/python3.6/site-packages/django/template/engine.py", line 125, in find_template
    template = loader.get_template(name, skip=skip)
  File "/home/jbarradas/.local/lib/python3.6/site-packages/django/template/loaders/base.py", line 30, in get_template
    contents, origin, origin.template_name, self.engine,
  File "/home/jbarradas/.local/lib/python3.6/site-packages/django/template/base.py", line 156, in __init__
    self.nodelist = self.compile_nodelist()
  File "/home/jbarradas/.local/lib/python3.6/site-packages/django/template/base.py", line 194, in compile_nodelist
    return parser.parse()
  File "/home/jbarradas/.local/lib/python3.6/site-packages/django/template/base.py", line 477, in parse
    raise self.error(token, e)
  File "/home/jbarradas/.local/lib/python3.6/site-packages/django/template/base.py", line 475, in parse
    compiled_result = compile_func(self, token)
  File "/home/jbarradas/.local/lib/python3.6/site-packages/django/template/loader_tags.py", line 266, in do_extends
    nodelist = parser.parse()
  File "/home/jbarradas/.local/lib/python3.6/site-packages/django/template/base.py", line 477, in parse
    raise self.error(token, e)
  File "/home/jbarradas/.local/lib/python3.6/site-packages/django/template/base.py", line 475, in parse
    compiled_result = compile_func(self, token)
  File "/home/jbarradas/.local/lib/python3.6/site-packages/django/template/loader_tags.py", line 209, in do_block
    nodelist = parser.parse(('endblock',))
  File "/home/jbarradas/.local/lib/python3.6/site-packages/django/template/base.py", line 477, in parse
    raise self.error(token, e)
  File "/home/jbarradas/.local/lib/python3.6/site-packages/django/template/base.py", line 475, in parse
    compiled_result = compile_func(self, token)
  File "/home/jbarradas/.local/lib/python3.6/site-packages/django/template/defaulttags.py", line 966, in do_if
    nodelist = parser.parse(('endif',))
  File "/home/jbarradas/.local/lib/python3.6/site-packages/django/template/base.py", line 471, in parse
    self.invalid_block_tag(token, command, parse_until)
  File "/home/jbarradas/.local/lib/python3.6/site-packages/django/template/base.py", line 527, in invalid_block_tag
    get_text_list(["'%s'" % p for p in parse_until], 'or'),
django.template.exceptions.TemplateSyntaxError: Invalid block tag on line 47: 'endblock', expected 'endif'. Did you forget to register or load this tag?

During handling of the above exception, another exception occurred:

Traceback (most recent call last):
  File "/home/jbarradas/.local/lib/python3.6/site-packages/django/template/base.py", line 469, in parse
    compile_func = self.tags[command]
KeyError: 'endblock'

During handling of the above exception, another exception occurred:

Traceback (most recent call last):
  File "/home/jbarradas/.local/lib/python3.6/site-packages/django/core/handlers/exception.py", line 34, in inner
    response = get_response(request)
  File "/home/jbarradas/.local/lib/python3.6/site-packages/django/core/handlers/base.py", line 115, in _get_response
    response = self.process_exception_by_middleware(e, request)
  File "/home/jbarradas/.local/lib/python3.6/site-packages/django/core/handlers/base.py", line 113, in _get_response
    response = wrapped_callback(request, *callback_args, **callback_kwargs)
  File "/home/jbarradas/PROGRAMAS/GIT3/adminServer/appWeb/decoradores.py", line 15, in interna
    return vista(request)
  File "/home/jbarradas/PROGRAMAS/GIT3/adminServer/appWeb/views.py", line 95, in servidores
    return render(request, "servidores.html",{"error": True})
  File "/home/jbarradas/.local/lib/python3.6/site-packages/django/shortcuts.py", line 19, in render
    content = loader.render_to_string(template_name, context, request, using=using)
  File "/home/jbarradas/.local/lib/python3.6/site-packages/django/template/loader.py", line 61, in render_to_string
    template = get_template(template_name, using=using)
  File "/home/jbarradas/.local/lib/python3.6/site-packages/django/template/loader.py", line 15, in get_template
    return engine.get_template(template_name)
  File "/home/jbarradas/.local/lib/python3.6/site-packages/django/template/backends/django.py", line 34, in get_template
    return Template(self.engine.get_template(template_name), self)
  File "/home/jbarradas/.local/lib/python3.6/site-packages/django/template/engine.py", line 143, in get_template
    template, origin = self.find_template(template_name)
  File "/home/jbarradas/.local/lib/python3.6/site-packages/django/template/engine.py", line 125, in find_template
    template = loader.get_template(name, skip=skip)
  File "/home/jbarradas/.local/lib/python3.6/site-packages/django/template/loaders/base.py", line 30, in get_template
    contents, origin, origin.template_name, self.engine,
  File "/home/jbarradas/.local/lib/python3.6/site-packages/django/template/base.py", line 156, in __init__
    self.nodelist = self.compile_nodelist()
  File "/home/jbarradas/.local/lib/python3.6/site-packages/django/template/base.py", line 194, in compile_nodelist
    return parser.parse()
  File "/home/jbarradas/.local/lib/python3.6/site-packages/django/template/base.py", line 477, in parse
    raise self.error(token, e)
  File "/home/jbarradas/.local/lib/python3.6/site-packages/django/template/base.py", line 475, in parse
    compiled_result = compile_func(self, token)
  File "/home/jbarradas/.local/lib/python3.6/site-packages/django/template/loader_tags.py", line 266, in do_extends
    nodelist = parser.parse()
  File "/home/jbarradas/.local/lib/python3.6/site-packages/django/template/base.py", line 477, in parse
    raise self.error(token, e)
  File "/home/jbarradas/.local/lib/python3.6/site-packages/django/template/base.py", line 475, in parse
    compiled_result = compile_func(self, token)
  File "/home/jbarradas/.local/lib/python3.6/site-packages/django/template/loader_tags.py", line 209, in do_block
    nodelist = parser.parse(('endblock',))
  File "/home/jbarradas/.local/lib/python3.6/site-packages/django/template/base.py", line 477, in parse
    raise self.error(token, e)
  File "/home/jbarradas/.local/lib/python3.6/site-packages/django/template/base.py", line 475, in parse
    compiled_result = compile_func(self, token)
  File "/home/jbarradas/.local/lib/python3.6/site-packages/django/template/defaulttags.py", line 966, in do_if
    nodelist = parser.parse(('endif',))
  File "/home/jbarradas/.local/lib/python3.6/site-packages/django/template/base.py", line 471, in parse
    self.invalid_block_tag(token, command, parse_until)
  File "/home/jbarradas/.local/lib/python3.6/site-packages/django/template/base.py", line 527, in invalid_block_tag
    get_text_list(["'%s'" % p for p in parse_until], 'or'),
django.template.exceptions.TemplateSyntaxError: Invalid block tag on line 47: 'endblock', expected 'endif'. Did you forget to register or load this tag?
2020-06-30 00:19:11,850 servidores: Se intento una petición por el método: GET
2020-06-30 00:20:26,899 servidores: Se intento una petición por el método: GET
2020-06-30 00:20:56,006 servidores: Se intento una petición por el método: GET
2020-06-30 00:21:14,133 Internal Server Error: /monitor/1/
Traceback (most recent call last):
  File "/home/jbarradas/.local/lib/python3.6/site-packages/django/core/handlers/exception.py", line 34, in inner
    response = get_response(request)
  File "/home/jbarradas/.local/lib/python3.6/site-packages/django/core/handlers/base.py", line 115, in _get_response
    response = self.process_exception_by_middleware(e, request)
  File "/home/jbarradas/.local/lib/python3.6/site-packages/django/core/handlers/base.py", line 113, in _get_response
    response = wrapped_callback(request, *callback_args, **callback_kwargs)
TypeError: interna() got an unexpected keyword argument 'pk'
2020-06-30 00:22:50,868 /home/jbarradas/PROGRAMAS/GIT3/adminServer/appWeb/views.py changed, reloading.
2020-06-30 00:22:55,141 monitoreo: Se intento una petición por el método: GET
2020-06-30 00:22:55,198 monitoreo: url del servidor a monitorear: http://127.0.0.1:8000
2020-06-30 00:22:55,593 Internal Server Error: /monitor/1/
Traceback (most recent call last):
  File "/home/jbarradas/.local/lib/python3.6/site-packages/django/core/handlers/exception.py", line 34, in inner
    response = get_response(request)
  File "/home/jbarradas/.local/lib/python3.6/site-packages/django/core/handlers/base.py", line 115, in _get_response
    response = self.process_exception_by_middleware(e, request)
  File "/home/jbarradas/.local/lib/python3.6/site-packages/django/core/handlers/base.py", line 113, in _get_response
    response = wrapped_callback(request, *callback_args, **callback_kwargs)
  File "/home/jbarradas/PROGRAMAS/GIT3/adminServer/appWeb/views.py", line 116, in monitoreo
    logging.info('monitoreo: Datos a consultar: ' + data)
TypeError: must be str, not dict
2020-06-30 00:24:20,009 /home/jbarradas/PROGRAMAS/GIT3/adminServer/appWeb/views.py changed, reloading.
2020-06-30 00:24:22,962 monitoreo: Se intento una petición por el método: GET
2020-06-30 00:24:22,976 monitoreo: url del servidor a monitorear: http://127.0.0.1:8000
2020-06-30 00:24:22,976 monitoreo: Datos a consultar: {'username': 'p1', 'password': 'uh9ee1u5FhXEyQZzJtxV9/Lkwq8FyG7i4F/rE4kI2fA=Yiebxco='}
2020-06-30 00:24:22,980 Starting new HTTP connection (1): 127.0.0.1
2020-06-30 00:24:23,777 http://127.0.0.1:8000 "POST /authenticacion/ HTTP/1.1" 200 52
2020-06-30 00:24:23,779 monitoreo: Resultado de solicitud: {"token":"e14f10f986c6d84bec1c3f9e095e93e6632f6224"}
2020-06-30 00:24:23,784 Starting new HTTP connection (1): 127.0.0.1
2020-06-30 00:24:24,821 http://127.0.0.1:8000 "GET /datos_monitor/ HTTP/1.1" 200 59
2020-06-30 00:24:24,824 monitoreo: Resultado de datos de monitor: "{\"cpu\":\"85.1\",\"memoria\":\"86.2\",\"disco\":\"8.3\"}"
2020-06-30 00:24:24,825 monitoreo: Datos del servidor: "{\"cpu\":\"85.1\",\"memoria\":\"86.2\",\"disco\":\"8.3\"}"
2020-06-30 00:24:25,032 Internal Server Error: /monitor/1/
Traceback (most recent call last):
  File "/home/jbarradas/.local/lib/python3.6/site-packages/django/template/base.py", line 469, in parse
    compile_func = self.tags[command]
KeyError: 'end'

During handling of the above exception, another exception occurred:

Traceback (most recent call last):
  File "/home/jbarradas/.local/lib/python3.6/site-packages/django/core/handlers/exception.py", line 34, in inner
    response = get_response(request)
  File "/home/jbarradas/.local/lib/python3.6/site-packages/django/core/handlers/base.py", line 115, in _get_response
    response = self.process_exception_by_middleware(e, request)
  File "/home/jbarradas/.local/lib/python3.6/site-packages/django/core/handlers/base.py", line 113, in _get_response
    response = wrapped_callback(request, *callback_args, **callback_kwargs)
  File "/home/jbarradas/PROGRAMAS/GIT3/adminServer/appWeb/views.py", line 141, in monitoreo
    return render(request, "monitoreo.html",{"usuario":usuario,"servidor":datos_servidor, "error": False})
  File "/home/jbarradas/.local/lib/python3.6/site-packages/django/shortcuts.py", line 19, in render
    content = loader.render_to_string(template_name, context, request, using=using)
  File "/home/jbarradas/.local/lib/python3.6/site-packages/django/template/loader.py", line 61, in render_to_string
    template = get_template(template_name, using=using)
  File "/home/jbarradas/.local/lib/python3.6/site-packages/django/template/loader.py", line 15, in get_template
    return engine.get_template(template_name)
  File "/home/jbarradas/.local/lib/python3.6/site-packages/django/template/backends/django.py", line 34, in get_template
    return Template(self.engine.get_template(template_name), self)
  File "/home/jbarradas/.local/lib/python3.6/site-packages/django/template/engine.py", line 143, in get_template
    template, origin = self.find_template(template_name)
  File "/home/jbarradas/.local/lib/python3.6/site-packages/django/template/engine.py", line 125, in find_template
    template = loader.get_template(name, skip=skip)
  File "/home/jbarradas/.local/lib/python3.6/site-packages/django/template/loaders/base.py", line 30, in get_template
    contents, origin, origin.template_name, self.engine,
  File "/home/jbarradas/.local/lib/python3.6/site-packages/django/template/base.py", line 156, in __init__
    self.nodelist = self.compile_nodelist()
  File "/home/jbarradas/.local/lib/python3.6/site-packages/django/template/base.py", line 194, in compile_nodelist
    return parser.parse()
  File "/home/jbarradas/.local/lib/python3.6/site-packages/django/template/base.py", line 477, in parse
    raise self.error(token, e)
  File "/home/jbarradas/.local/lib/python3.6/site-packages/django/template/base.py", line 475, in parse
    compiled_result = compile_func(self, token)
  File "/home/jbarradas/.local/lib/python3.6/site-packages/django/template/loader_tags.py", line 266, in do_extends
    nodelist = parser.parse()
  File "/home/jbarradas/.local/lib/python3.6/site-packages/django/template/base.py", line 477, in parse
    raise self.error(token, e)
  File "/home/jbarradas/.local/lib/python3.6/site-packages/django/template/base.py", line 475, in parse
    compiled_result = compile_func(self, token)
  File "/home/jbarradas/.local/lib/python3.6/site-packages/django/template/loader_tags.py", line 209, in do_block
    nodelist = parser.parse(('endblock',))
  File "/home/jbarradas/.local/lib/python3.6/site-packages/django/template/base.py", line 477, in parse
    raise self.error(token, e)
  File "/home/jbarradas/.local/lib/python3.6/site-packages/django/template/base.py", line 475, in parse
    compiled_result = compile_func(self, token)
  File "/home/jbarradas/.local/lib/python3.6/site-packages/django/template/defaulttags.py", line 966, in do_if
    nodelist = parser.parse(('endif',))
  File "/home/jbarradas/.local/lib/python3.6/site-packages/django/template/base.py", line 471, in parse
    self.invalid_block_tag(token, command, parse_until)
  File "/home/jbarradas/.local/lib/python3.6/site-packages/django/template/base.py", line 527, in invalid_block_tag
    get_text_list(["'%s'" % p for p in parse_until], 'or'),
django.template.exceptions.TemplateSyntaxError: Invalid block tag on line 36: 'end', expected 'endif'. Did you forget to register or load this tag?
2020-06-30 00:24:52,739 monitoreo: Se intento una petición por el método: GET
2020-06-30 00:24:52,748 monitoreo: url del servidor a monitorear: http://127.0.0.1:8000
2020-06-30 00:24:52,748 monitoreo: Datos a consultar: {'username': 'p1', 'password': 'uh9ee1u5FhXEyQZzJtxV9/Lkwq8FyG7i4F/rE4kI2fA=Yiebxco='}
2020-06-30 00:24:52,751 Starting new HTTP connection (1): 127.0.0.1
2020-06-30 00:24:52,974 http://127.0.0.1:8000 "POST /authenticacion/ HTTP/1.1" 200 52
2020-06-30 00:24:52,975 monitoreo: Resultado de solicitud: {"token":"e14f10f986c6d84bec1c3f9e095e93e6632f6224"}
2020-06-30 00:24:52,977 Starting new HTTP connection (1): 127.0.0.1
2020-06-30 00:24:53,991 http://127.0.0.1:8000 "GET /datos_monitor/ HTTP/1.1" 200 59
2020-06-30 00:24:53,993 monitoreo: Resultado de datos de monitor: "{\"cpu\":\"35.5\",\"memoria\":\"85.3\",\"disco\":\"8.3\"}"
2020-06-30 00:24:53,993 monitoreo: Datos del servidor: "{\"cpu\":\"35.5\",\"memoria\":\"85.3\",\"disco\":\"8.3\"}"
2020-06-30 00:24:59,109 monitoreo: Se intento una petición por el método: GET
2020-06-30 00:24:59,121 monitoreo: url del servidor a monitorear: http://127.0.0.1:8000
2020-06-30 00:24:59,121 monitoreo: Datos a consultar: {'username': 'p1', 'password': 'uh9ee1u5FhXEyQZzJtxV9/Lkwq8FyG7i4F/rE4kI2fA=Yiebxco='}
2020-06-30 00:24:59,123 Starting new HTTP connection (1): 127.0.0.1
2020-06-30 00:24:59,358 http://127.0.0.1:8000 "POST /authenticacion/ HTTP/1.1" 200 52
2020-06-30 00:24:59,359 monitoreo: Resultado de solicitud: {"token":"e14f10f986c6d84bec1c3f9e095e93e6632f6224"}
2020-06-30 00:24:59,363 Starting new HTTP connection (1): 127.0.0.1
2020-06-30 00:25:00,381 http://127.0.0.1:8000 "GET /datos_monitor/ HTTP/1.1" 200 59
2020-06-30 00:25:00,382 monitoreo: Resultado de datos de monitor: "{\"cpu\":\"32.7\",\"memoria\":\"85.2\",\"disco\":\"8.3\"}"
2020-06-30 00:25:00,382 monitoreo: Datos del servidor: "{\"cpu\":\"32.7\",\"memoria\":\"85.2\",\"disco\":\"8.3\"}"
2020-06-30 00:25:01,337 monitoreo: Se intento una petición por el método: GET
2020-06-30 00:25:01,348 monitoreo: url del servidor a monitorear: http://127.0.0.1:8000
2020-06-30 00:25:01,348 monitoreo: Datos a consultar: {'username': 'p1', 'password': 'uh9ee1u5FhXEyQZzJtxV9/Lkwq8FyG7i4F/rE4kI2fA=Yiebxco='}
2020-06-30 00:25:01,350 Starting new HTTP connection (1): 127.0.0.1
2020-06-30 00:25:01,567 http://127.0.0.1:8000 "POST /authenticacion/ HTTP/1.1" 200 52
2020-06-30 00:25:01,568 monitoreo: Resultado de solicitud: {"token":"e14f10f986c6d84bec1c3f9e095e93e6632f6224"}
2020-06-30 00:25:01,571 Starting new HTTP connection (1): 127.0.0.1
2020-06-30 00:25:02,582 http://127.0.0.1:8000 "GET /datos_monitor/ HTTP/1.1" 200 59
2020-06-30 00:25:02,583 monitoreo: Resultado de datos de monitor: "{\"cpu\":\"28.6\",\"memoria\":\"85.2\",\"disco\":\"8.3\"}"
2020-06-30 00:25:02,583 monitoreo: Datos del servidor: "{\"cpu\":\"28.6\",\"memoria\":\"85.2\",\"disco\":\"8.3\"}"
2020-06-30 00:25:03,503 monitoreo: Se intento una petición por el método: GET
2020-06-30 00:25:03,509 monitoreo: url del servidor a monitorear: http://127.0.0.1:8000
2020-06-30 00:25:03,510 monitoreo: Datos a consultar: {'username': 'p1', 'password': 'uh9ee1u5FhXEyQZzJtxV9/Lkwq8FyG7i4F/rE4kI2fA=Yiebxco='}
2020-06-30 00:25:03,512 Starting new HTTP connection (1): 127.0.0.1
2020-06-30 00:25:03,733 http://127.0.0.1:8000 "POST /authenticacion/ HTTP/1.1" 200 52
2020-06-30 00:25:03,734 monitoreo: Resultado de solicitud: {"token":"e14f10f986c6d84bec1c3f9e095e93e6632f6224"}
2020-06-30 00:25:03,738 Starting new HTTP connection (1): 127.0.0.1
2020-06-30 00:25:04,761 http://127.0.0.1:8000 "GET /datos_monitor/ HTTP/1.1" 200 59
2020-06-30 00:25:04,762 monitoreo: Resultado de datos de monitor: "{\"cpu\":\"31.0\",\"memoria\":\"85.2\",\"disco\":\"8.3\"}"
2020-06-30 00:25:04,763 monitoreo: Datos del servidor: "{\"cpu\":\"31.0\",\"memoria\":\"85.2\",\"disco\":\"8.3\"}"
2020-06-30 00:25:14,957 monitoreo: Se intento una petición por el método: GET
2020-06-30 00:25:14,968 monitoreo: url del servidor a monitorear: http://127.0.0.1:8000
2020-06-30 00:25:14,968 monitoreo: Datos a consultar: {'username': 'p1', 'password': 'uh9ee1u5FhXEyQZzJtxV9/Lkwq8FyG7i4F/rE4kI2fA=Yiebxco='}
2020-06-30 00:25:14,970 Starting new HTTP connection (1): 127.0.0.1
2020-06-30 00:25:15,188 http://127.0.0.1:8000 "POST /authenticacion/ HTTP/1.1" 200 52
2020-06-30 00:25:15,189 monitoreo: Resultado de solicitud: {"token":"e14f10f986c6d84bec1c3f9e095e93e6632f6224"}
2020-06-30 00:25:15,191 Starting new HTTP connection (1): 127.0.0.1
2020-06-30 00:25:16,204 http://127.0.0.1:8000 "GET /datos_monitor/ HTTP/1.1" 200 59
2020-06-30 00:25:16,205 monitoreo: Resultado de datos de monitor: "{\"cpu\":\"29.7\",\"memoria\":\"85.2\",\"disco\":\"8.3\"}"
2020-06-30 00:25:16,205 monitoreo: Datos del servidor: "{\"cpu\":\"29.7\",\"memoria\":\"85.2\",\"disco\":\"8.3\"}"
2020-06-30 00:25:26,488 monitoreo: Se intento una petición por el método: GET
2020-06-30 00:25:26,493 monitoreo: url del servidor a monitorear: http://127.0.0.1:8000
2020-06-30 00:25:26,493 monitoreo: Datos a consultar: {'username': 'p1', 'password': 'uh9ee1u5FhXEyQZzJtxV9/Lkwq8FyG7i4F/rE4kI2fA=Yiebxco='}
2020-06-30 00:25:26,496 Starting new HTTP connection (1): 127.0.0.1
2020-06-30 00:25:26,740 http://127.0.0.1:8000 "POST /authenticacion/ HTTP/1.1" 200 52
2020-06-30 00:25:26,741 monitoreo: Resultado de solicitud: {"token":"e14f10f986c6d84bec1c3f9e095e93e6632f6224"}
2020-06-30 00:25:26,744 Starting new HTTP connection (1): 127.0.0.1
2020-06-30 00:25:27,761 http://127.0.0.1:8000 "GET /datos_monitor/ HTTP/1.1" 200 59
2020-06-30 00:25:27,764 monitoreo: Resultado de datos de monitor: "{\"cpu\":\"26.7\",\"memoria\":\"85.1\",\"disco\":\"8.3\"}"
2020-06-30 00:25:27,765 monitoreo: Datos del servidor: "{\"cpu\":\"26.7\",\"memoria\":\"85.1\",\"disco\":\"8.3\"}"
2020-06-30 00:25:32,010 logout: Se intento una petición por el método: GET
2020-06-30 00:25:32,075 Using parameter request.POST to get username with key settings.AXES_USERNAME_FORM_FIELD
2020-06-30 00:25:32,076 AXES: Getting access attempts that are newer than 2020-06-29 23:25:32.073466
2020-06-30 00:25:32,083 login: Se hace petición por el método: GET
2020-06-30 00:26:27,285 Using parameter request.POST to get username with key settings.AXES_USERNAME_FORM_FIELD
2020-06-30 00:26:27,285 AXES: Getting access attempts that are newer than 2020-06-29 23:26:27.284941
2020-06-30 00:26:27,287 login: Se hace petición por el método: GET
2020-06-30 00:26:40,967 Using parameter request.POST to get username with key settings.AXES_USERNAME_FORM_FIELD
2020-06-30 00:26:40,968 AXES: Getting access attempts that are newer than 2020-06-29 23:26:40.967797
2020-06-30 00:26:40,971 login: Se hace petición por el método: GET
2020-06-30 00:27:02,047 Using parameter request.POST to get username with key settings.AXES_USERNAME_FORM_FIELD
2020-06-30 00:27:02,048 AXES: Getting access attempts that are newer than 2020-06-29 23:27:02.047296
2020-06-30 00:27:02,051 login: Se hace petición por el método: GET
2020-06-30 00:27:16,094 Using parameter request.POST to get username with key settings.AXES_USERNAME_FORM_FIELD
2020-06-30 00:27:16,095 AXES: Getting access attempts that are newer than 2020-06-29 23:27:16.094564
2020-06-30 00:27:16,097 login: Se hace petición por el método: GET
2020-06-30 00:27:30,464 Using parameter request.POST to get username with key settings.AXES_USERNAME_FORM_FIELD
2020-06-30 00:27:30,465 AXES: Getting access attempts that are newer than 2020-06-29 23:27:30.464614
2020-06-30 00:27:30,468 login: Se hace petición por el método: GET
2020-06-30 00:27:49,106 Using parameter request.POST to get username with key settings.AXES_USERNAME_FORM_FIELD
2020-06-30 00:27:49,106 AXES: Getting access attempts that are newer than 2020-06-29 23:27:49.106262
2020-06-30 00:27:49,109 login: Se hace petición por el método: GET
2020-06-30 00:28:01,428 Using parameter request.POST to get username with key settings.AXES_USERNAME_FORM_FIELD
2020-06-30 00:28:01,428 AXES: Getting access attempts that are newer than 2020-06-29 23:28:01.428284
2020-06-30 00:28:01,431 login: Se hace petición por el método: GET
2020-06-30 00:28:18,690 Using parameter request.POST to get username with key settings.AXES_USERNAME_FORM_FIELD
2020-06-30 00:28:18,691 AXES: Getting access attempts that are newer than 2020-06-29 23:28:18.690523
2020-06-30 00:28:18,695 login: Se hace petición por el método: GET
2020-06-30 00:28:27,471 Using parameter request.POST to get username with key settings.AXES_USERNAME_FORM_FIELD
2020-06-30 00:28:27,472 AXES: Getting access attempts that are newer than 2020-06-29 23:28:27.471371
2020-06-30 00:28:27,475 login: Se hace petición por el método: GET
2020-06-30 00:29:49,184 Using parameter request.POST to get username with key settings.AXES_USERNAME_FORM_FIELD
2020-06-30 00:29:49,185 AXES: Getting access attempts that are newer than 2020-06-29 23:29:49.184639
2020-06-30 00:29:49,190 login_global: Se ingresó por GET
2020-06-30 00:30:08,393 Using parameter request.POST to get username with key settings.AXES_USERNAME_FORM_FIELD
2020-06-30 00:30:08,394 AXES: Getting access attempts that are newer than 2020-06-29 23:30:08.393710
2020-06-30 00:30:08,396 login_global: Se ingresó por GET
2020-06-30 00:30:17,893 Using parameter request.POST to get username with key settings.AXES_USERNAME_FORM_FIELD
2020-06-30 00:30:17,893 AXES: Getting access attempts that are newer than 2020-06-29 23:30:17.893284
2020-06-30 00:30:17,897 login: Se hace petición por el método: GET
2020-06-30 00:30:57,297 Using parameter request.POST to get username with key settings.AXES_USERNAME_FORM_FIELD
2020-06-30 00:30:57,298 AXES: Getting access attempts that are newer than 2020-06-29 23:30:57.297131
2020-06-30 00:30:57,301 login: Se hace petición por el método: GET
2020-06-30 00:31:00,154 Using parameter request.POST to get username with key settings.AXES_USERNAME_FORM_FIELD
2020-06-30 00:31:00,156 AXES: Getting access attempts that are newer than 2020-06-29 23:31:00.154434
2020-06-30 00:31:00,159 login_global: Se ingresó por GET
2020-06-30 00:31:02,193 Using parameter request.POST to get username with key settings.AXES_USERNAME_FORM_FIELD
2020-06-30 00:31:02,194 AXES: Getting access attempts that are newer than 2020-06-29 23:31:02.193675
2020-06-30 00:31:02,197 login: Se hace petición por el método: GET
2020-06-30 00:31:03,524 Using parameter request.POST to get username with key settings.AXES_USERNAME_FORM_FIELD
2020-06-30 00:31:03,528 AXES: Getting access attempts that are newer than 2020-06-29 23:31:03.524809
2020-06-30 00:31:03,532 login_global: Se ingresó por GET
2020-06-30 00:31:04,631 Using parameter request.POST to get username with key settings.AXES_USERNAME_FORM_FIELD
2020-06-30 00:31:04,632 AXES: Getting access attempts that are newer than 2020-06-29 23:31:04.631341
2020-06-30 00:31:04,638 login: Se hace petición por el método: GET
2020-06-30 00:31:05,544 Using parameter request.POST to get username with key settings.AXES_USERNAME_FORM_FIELD
2020-06-30 00:31:05,545 AXES: Getting access attempts that are newer than 2020-06-29 23:31:05.544326
2020-06-30 00:31:05,551 login_global: Se ingresó por GET
2020-06-30 00:31:06,310 Using parameter request.POST to get username with key settings.AXES_USERNAME_FORM_FIELD
2020-06-30 00:31:06,310 AXES: Getting access attempts that are newer than 2020-06-29 23:31:06.310246
2020-06-30 00:31:06,314 login: Se hace petición por el método: GET
2020-06-30 00:31:07,021 Using parameter request.POST to get username with key settings.AXES_USERNAME_FORM_FIELD
2020-06-30 00:31:07,021 AXES: Getting access attempts that are newer than 2020-06-29 23:31:07.020957
2020-06-30 00:31:07,027 login_global: Se ingresó por GET
2020-06-30 00:31:07,661 Using parameter request.POST to get username with key settings.AXES_USERNAME_FORM_FIELD
2020-06-30 00:31:07,662 AXES: Getting access attempts that are newer than 2020-06-29 23:31:07.661252
2020-06-30 00:31:07,667 login: Se hace petición por el método: GET
2020-06-30 00:31:08,280 Using parameter request.POST to get username with key settings.AXES_USERNAME_FORM_FIELD
2020-06-30 00:31:08,281 AXES: Getting access attempts that are newer than 2020-06-29 23:31:08.280119
2020-06-30 00:31:08,287 login_global: Se ingresó por GET
2020-06-30 00:31:08,957 Using parameter request.POST to get username with key settings.AXES_USERNAME_FORM_FIELD
2020-06-30 00:31:08,958 AXES: Getting access attempts that are newer than 2020-06-29 23:31:08.957565
2020-06-30 00:31:08,962 login: Se hace petición por el método: GET
2020-06-30 00:31:09,592 Using parameter request.POST to get username with key settings.AXES_USERNAME_FORM_FIELD
2020-06-30 00:31:09,592 AXES: Getting access attempts that are newer than 2020-06-29 23:31:09.592105
2020-06-30 00:31:09,595 login_global: Se ingresó por GET
2020-06-30 00:31:10,204 Using parameter request.POST to get username with key settings.AXES_USERNAME_FORM_FIELD
2020-06-30 00:31:10,204 AXES: Getting access attempts that are newer than 2020-06-29 23:31:10.204374
2020-06-30 00:31:10,207 login: Se hace petición por el método: GET
2020-06-30 00:31:40,755 Using parameter request.POST to get username with key settings.AXES_USERNAME_FORM_FIELD
2020-06-30 00:31:40,755 AXES: Getting access attempts that are newer than 2020-06-29 23:31:40.755097
2020-06-30 00:31:40,761 login_global: Se ingresó por GET
2020-06-30 00:31:51,690 Using parameter request.POST to get username with key settings.AXES_USERNAME_FORM_FIELD
2020-06-30 00:31:51,691 AXES: Getting access attempts that are newer than 2020-06-29 23:31:51.690180
2020-06-30 00:31:51,699 login_global: Se ingresó por POST
2020-06-30 00:31:51,700 Using parameter credentials to get username with key settings.AXES_USERNAME_FORM_FIELD
2020-06-30 00:31:51,701 AXES: Getting access attempts that are newer than 2020-06-29 23:31:51.690180
2020-06-30 00:31:51,960 login_global: Se termina de utilizar authenticate
2020-06-30 00:31:52,016 login_global: Se guarda token en base de datos.
2020-06-30 00:31:52,165 AXES: Cleaned up 0 expired access attempts from database that were older than 2020-06-29 23:31:51.690180
2020-06-30 00:31:52,166 AXES: Successful login by {username: "Admin", ip_address: "127.0.0.1", user_agent: "Mozilla/5.0 (X11; Ubuntu; Linux x86_64; rv:77.0) Gecko/20100101 Firefox/77.0", path_info: "/accounts/login/"}.
2020-06-30 00:32:52,405 Not Found: /favicon.ico
2020-06-30 00:36:56,406 /home/jbarradas/PROGRAMAS/GIT3/adminServer/appWeb/decoradores.py changed, reloading.
2020-06-30 00:37:52,539 /home/jbarradas/PROGRAMAS/GIT3/adminServer/appWeb/decoradores.py changed, reloading.
2020-06-30 00:38:13,186 /home/jbarradas/PROGRAMAS/GIT3/adminServer/appWeb/views.py changed, reloading.
2020-06-30 00:38:29,948 /home/jbarradas/PROGRAMAS/GIT3/adminServer/appWeb/decoradores.py changed, reloading.
2020-06-30 00:38:41,824 /home/jbarradas/PROGRAMAS/GIT3/adminServer/appWeb/decoradores.py changed, reloading.
2020-06-30 00:38:49,150 /home/jbarradas/PROGRAMAS/GIT3/adminServer/appWeb/views.py changed, reloading.
2020-06-30 00:38:57,795 Using parameter request.POST to get username with key settings.AXES_USERNAME_FORM_FIELD
2020-06-30 00:38:57,797 AXES: Getting access attempts that are newer than 2020-06-29 23:38:57.794578
2020-06-30 00:39:06,492 Not Found: /accounts/global
2020-06-30 00:39:16,601 Using parameter request.POST to get username with key settings.AXES_USERNAME_FORM_FIELD
2020-06-30 00:39:16,602 AXES: Getting access attempts that are newer than 2020-06-29 23:39:16.601557
2020-06-30 00:39:26,263 logoutAdmin: Se intento una petición por el método: GET
2020-06-30 00:39:26,269 AXES: Cleaned up 0 expired access attempts from database that were older than 2020-06-29 23:39:26.263507
2020-06-30 00:39:26,270 AXES: Successful logout by {username: "Admin", ip_address: "127.0.0.1", user_agent: "Mozilla/5.0 (X11; Ubuntu; Linux x86_64; rv:77.0) Gecko/20100101 Firefox/77.0", path_info: "/global/logout/"}.
2020-06-30 00:39:26,354 Using parameter request.POST to get username with key settings.AXES_USERNAME_FORM_FIELD
2020-06-30 00:39:26,355 AXES: Getting access attempts that are newer than 2020-06-29 23:39:26.354333
2020-06-30 00:39:26,421 login_global: Se ingresó por GET
